[2025-07-10T15:46:42.546Z] INFO: GET /api/manifests - ::1
[2025-07-10T15:46:42.618Z] INFO: GET /api/manifests - ::1
[2025-07-10T15:46:46.455Z] INFO: GET /api/facilities - ::1
[2025-07-10T15:46:46.463Z] INFO: GET /api/facilities - ::1
[2025-07-10T15:46:52.324Z] INFO: GET /api/facilities/683e0961e90eced3d502f25c - ::1
[2025-07-10T15:46:52.327Z] INFO: GET /api/facilities - ::1
[2025-07-10T15:46:52.333Z] INFO: GET /api/facilities/683e0961e90eced3d502f25c - ::1
[2025-07-10T15:46:52.335Z] INFO: GET /api/facilities - ::1
[2025-07-10T15:47:01.430Z] INFO: GET /api/manifests - ::1
[2025-07-10T15:47:01.444Z] INFO: GET /api/manifests - ::1
[2025-07-10T15:47:02.865Z] INFO: GET /api/manifests/683e0961e90eced3d502f25e - ::1
[2025-07-10T15:47:02.867Z] INFO: GET /api/manifests - ::1
[2025-07-10T15:47:02.882Z] INFO: GET /api/manifests - ::1
[2025-07-10T15:47:02.883Z] INFO: GET /api/manifests/683e0961e90eced3d502f25e - ::1
[2025-07-10T15:47:06.256Z] INFO: GET /api/manifests - ::1
[2025-07-10T15:47:06.260Z] INFO: GET /api/manifests/683e0961e90eced3d502f25e - ::1
[2025-07-10T15:47:06.269Z] INFO: GET /api/manifests - ::1
[2025-07-10T15:47:06.270Z] INFO: GET /api/manifests/683e0961e90eced3d502f25e - ::1
[2025-07-22T16:49:46.915Z] INFO: GET /api/facilities - ::1
[2025-07-22T16:49:46.945Z] INFO: GET /api/facilities - ::1
[2025-07-22T16:52:54.409Z] INFO: OPTIONS /api/manifests - ::1
[2025-07-22T16:52:54.414Z] INFO: POST /api/manifests - ::1
[2025-07-22T16:52:58.697Z] INFO: GET /api/facilities - ::1
[2025-07-22T16:52:58.713Z] INFO: GET /api/facilities - ::1
[2025-07-22T16:52:59.563Z] INFO: GET /api/facilities - ::1
[2025-07-22T16:52:59.565Z] INFO: GET /api/facilities/683f19891d12cf093caef158 - ::1
[2025-07-22T16:52:59.573Z] INFO: GET /api/facilities - ::1
[2025-07-22T16:52:59.583Z] INFO: GET /api/facilities/683f19891d12cf093caef158 - ::1
[2025-07-22T16:53:13.307Z] INFO: OPTIONS /api/manifests - ::1
[2025-07-22T16:53:13.308Z] INFO: POST /api/manifests - ::1
[2025-07-22T16:54:03.979Z] INFO: GET /api/facilities - ::1
[2025-07-22T16:54:03.980Z] INFO: GET /api/facilities/683f19891d12cf093caef158 - ::1
[2025-07-22T16:54:03.987Z] INFO: GET /api/facilities - ::1
[2025-07-22T16:54:03.988Z] INFO: GET /api/facilities/683f19891d12cf093caef158 - ::1
[2025-07-22T16:54:20.620Z] INFO: OPTIONS /api/manifests - ::1
[2025-07-22T16:54:20.621Z] INFO: POST /api/manifests - ::1
[2025-07-22T17:02:29.758Z] INFO: GET /api/facilities - ::1
[2025-07-22T17:02:29.766Z] INFO: GET /api/facilities - ::1
[2025-07-22T17:02:31.554Z] INFO: GET /api/facilities - ::1
[2025-07-22T17:02:31.556Z] INFO: GET /api/facilities/683e0961e90eced3d502f25c - ::1
[2025-07-22T17:02:31.562Z] INFO: GET /api/facilities - ::1
[2025-07-22T17:02:31.563Z] INFO: GET /api/facilities/683e0961e90eced3d502f25c - ::1
[2025-07-22T17:02:35.622Z] INFO: GET /api/manifests - ::1
[2025-07-22T17:02:35.661Z] INFO: GET /api/manifests - ::1
[2025-07-22T17:04:31.238Z] INFO: GET /api/facilities - ::1
[2025-07-22T17:04:31.245Z] INFO: GET /api/facilities - ::1
[2025-07-22T17:04:32.988Z] INFO: GET /api/facilities - ::1
[2025-07-22T17:04:32.993Z] INFO: GET /api/facilities/683e0961e90eced3d502f25c - ::1
[2025-07-22T17:04:32.994Z] INFO: GET /api/facilities - ::1
[2025-07-22T17:04:33.000Z] INFO: GET /api/facilities/683e0961e90eced3d502f25c - ::1
[2025-07-22T17:04:46.424Z] INFO: GET /api/manifests - ::1
[2025-07-22T17:04:46.437Z] INFO: GET /api/manifests - ::1
[2025-07-22T17:04:51.785Z] INFO: GET /api/manifests/685c484f1c70fb4c9d16502e - ::1
[2025-07-22T17:04:51.787Z] INFO: GET /api/manifests - ::1
[2025-07-22T17:04:51.798Z] INFO: GET /api/manifests - ::1
[2025-07-22T17:04:51.818Z] INFO: GET /api/manifests/685c484f1c70fb4c9d16502e - ::1
[2025-07-22T17:04:56.950Z] INFO: GET /api/manifests - ::1
[2025-07-22T17:04:56.960Z] INFO: GET /api/manifests - ::1
[2025-07-22T17:04:59.489Z] INFO: GET /api/manifests/683e0961e90eced3d502f25e - ::1
[2025-07-22T17:04:59.490Z] INFO: GET /api/manifests - ::1
[2025-07-22T17:04:59.500Z] INFO: GET /api/manifests/683e0961e90eced3d502f25e - ::1
[2025-07-22T17:04:59.506Z] INFO: GET /api/manifests - ::1
[2025-07-22T17:05:05.325Z] INFO: GET /api/manifests - ::1
[2025-07-22T17:05:05.326Z] INFO: GET /api/manifests/683e0961e90eced3d502f25e - ::1
[2025-07-22T17:05:05.335Z] INFO: GET /api/manifests/683e0961e90eced3d502f25e - ::1
[2025-07-22T17:05:05.336Z] INFO: GET /api/manifests - ::1
[2025-07-22T17:05:08.247Z] INFO: OPTIONS /api/manifests - ::1
[2025-07-22T17:05:08.248Z] INFO: POST /api/manifests - ::1
[2025-07-22T17:05:08.266Z] INFO: GET /api/manifests - ::1
[2025-07-22T17:05:08.268Z] INFO: GET /api/manifests/687fc4c4fb7be4d59986b74e - ::1
[2025-07-22T17:05:08.288Z] INFO: GET /api/manifests/687fc4c4fb7be4d59986b74e - ::1
[2025-07-22T17:05:08.290Z] INFO: GET /api/manifests - ::1
[2025-07-22T17:05:22.710Z] INFO: OPTIONS /api/manifests/687fc4c4fb7be4d59986b74e - ::1
[2025-07-22T17:05:22.711Z] INFO: PUT /api/manifests/687fc4c4fb7be4d59986b74e - ::1
[2025-07-22T17:05:22.732Z] INFO: GET /api/manifests/687fc4c4fb7be4d59986b74e - ::1
[2025-07-22T17:05:22.745Z] INFO: GET /api/manifests - ::1
[2025-07-22T17:05:22.746Z] INFO: GET /api/manifests/687fc4c4fb7be4d59986b74e - ::1
[2025-07-22T17:05:22.759Z] INFO: GET /api/manifests/687fc4c4fb7be4d59986b74e - ::1
[2025-07-22T17:05:22.761Z] INFO: GET /api/manifests - ::1
[2025-07-22T17:05:50.541Z] INFO: GET /api/facilities - ::1
[2025-07-22T17:05:50.546Z] INFO: GET /api/facilities - ::1
[2025-07-22T17:07:07.064Z] INFO: GET /api/manifests - ::1
[2025-07-22T17:07:07.073Z] INFO: GET /api/manifests - ::1
[2025-07-22T17:07:08.415Z] INFO: GET /api/facilities - ::1
[2025-07-22T17:07:08.420Z] INFO: GET /api/facilities - ::1
[2025-07-24T17:18:38.987Z] INFO: GET /api/manifests - ::1
[2025-07-24T17:18:38.997Z] INFO: GET /api/manifests - ::1
[2025-07-24T17:18:44.117Z] INFO: GET /api/manifests - ::1
[2025-07-24T17:18:44.123Z] INFO: GET /api/manifests - ::1
[2025-07-24T17:26:01.668Z] INFO: OPTIONS /api/manifests - ::1
[2025-07-24T17:26:01.671Z] INFO: POST /api/manifests - ::1
[2025-07-24T17:26:01.721Z] INFO: GET /api/manifests - ::1
[2025-07-24T17:26:01.724Z] INFO: GET /api/manifests/68826ca9deaf943c1f444255 - ::1
[2025-07-24T17:26:01.736Z] INFO: GET /api/manifests - ::1
[2025-07-24T17:26:01.738Z] INFO: GET /api/manifests/68826ca9deaf943c1f444255 - ::1
[2025-07-24T17:26:07.852Z] INFO: GET /api/manifests - ::1
[2025-07-24T17:26:07.853Z] INFO: GET /api/manifests/68826ca9deaf943c1f444255 - ::1
[2025-07-24T17:26:07.856Z] INFO: GET /api/manifests - ::1
[2025-07-24T17:26:07.857Z] INFO: GET /api/manifests/68826ca9deaf943c1f444255 - ::1
[2025-07-24T17:26:08.609Z] INFO: GET /api/manifests - ::1
[2025-07-24T17:26:08.616Z] INFO: GET /api/manifests - ::1
[2025-07-24T17:26:09.922Z] INFO: GET /api/manifests - ::1
[2025-07-24T17:26:09.924Z] INFO: GET /api/manifests/68826ca9deaf943c1f444255 - ::1
[2025-07-24T17:26:09.930Z] INFO: GET /api/manifests - ::1
[2025-07-24T17:26:09.931Z] INFO: GET /api/manifests/68826ca9deaf943c1f444255 - ::1
[2025-07-24T17:31:37.526Z] INFO: GET /api/manifests - ::1
[2025-07-24T17:31:37.527Z] INFO: GET /api/manifests/68826ca9deaf943c1f444255 - ::1
[2025-07-24T17:31:37.530Z] INFO: GET /api/manifests - ::1
[2025-07-24T17:31:37.531Z] INFO: GET /api/manifests/68826ca9deaf943c1f444255 - ::1
[2025-07-24T17:31:37.547Z] INFO: GET /api/manifests - ::1
[2025-07-24T17:31:37.548Z] INFO: GET /api/manifests/68826ca9deaf943c1f444255 - ::1
[2025-07-24T17:31:37.552Z] INFO: GET /api/manifests - ::1
[2025-07-24T17:31:37.553Z] INFO: GET /api/manifests/68826ca9deaf943c1f444255 - ::1
[2025-07-24T17:36:01.596Z] INFO: GET /api/manifests - ::1
[2025-07-24T17:36:01.598Z] INFO: GET /api/manifests/68826ca9deaf943c1f444255 - ::1
[2025-07-24T17:36:01.605Z] INFO: GET /api/manifests - ::1
[2025-07-24T17:36:01.606Z] INFO: GET /api/manifests/68826ca9deaf943c1f444255 - ::1
[2025-07-24T17:36:01.610Z] INFO: GET /api/manifests - ::1
[2025-07-24T17:36:01.611Z] INFO: GET /api/manifests/68826ca9deaf943c1f444255 - ::1
[2025-07-24T17:36:01.613Z] INFO: GET /api/manifests - ::1
[2025-07-24T17:36:01.614Z] INFO: GET /api/manifests/68826ca9deaf943c1f444255 - ::1
[2025-07-24T17:36:12.993Z] INFO: GET /api/manifests - ::1
[2025-07-24T17:36:12.994Z] INFO: GET /api/manifests/68826ca9deaf943c1f444255 - ::1
[2025-07-24T17:36:12.997Z] INFO: GET /api/manifests - ::1
[2025-07-24T17:36:12.997Z] INFO: GET /api/manifests/68826ca9deaf943c1f444255 - ::1
[2025-07-24T17:36:13.001Z] INFO: GET /api/manifests - ::1
[2025-07-24T17:36:13.001Z] INFO: GET /api/manifests/68826ca9deaf943c1f444255 - ::1
[2025-07-24T17:36:13.003Z] INFO: GET /api/manifests - ::1
[2025-07-24T17:36:13.004Z] INFO: GET /api/manifests/68826ca9deaf943c1f444255 - ::1
[2025-07-24T17:36:51.010Z] INFO: GET /api/manifests - ::1
[2025-07-24T17:36:51.011Z] INFO: GET /api/manifests/68826ca9deaf943c1f444255 - ::1
[2025-07-24T17:36:51.014Z] INFO: GET /api/manifests - ::1
[2025-07-24T17:36:51.014Z] INFO: GET /api/manifests/68826ca9deaf943c1f444255 - ::1
[2025-07-24T17:36:51.021Z] INFO: GET /api/manifests - ::1
[2025-07-24T17:36:51.021Z] INFO: GET /api/manifests/68826ca9deaf943c1f444255 - ::1
[2025-07-24T17:36:51.024Z] INFO: GET /api/manifests - ::1
[2025-07-24T17:36:51.025Z] INFO: GET /api/manifests/68826ca9deaf943c1f444255 - ::1
[2025-07-24T17:37:05.837Z] INFO: GET /api/manifests - ::1
[2025-07-24T17:37:05.838Z] INFO: GET /api/manifests/68826ca9deaf943c1f444255 - ::1
[2025-07-24T17:37:05.842Z] INFO: GET /api/manifests - ::1
[2025-07-24T17:37:05.854Z] INFO: GET /api/manifests/68826ca9deaf943c1f444255 - ::1
[2025-07-24T17:37:05.861Z] INFO: GET /api/manifests - ::1
[2025-07-24T17:37:05.861Z] INFO: GET /api/manifests/68826ca9deaf943c1f444255 - ::1
[2025-07-24T17:37:05.864Z] INFO: GET /api/manifests - ::1
[2025-07-24T17:37:05.864Z] INFO: GET /api/manifests/68826ca9deaf943c1f444255 - ::1
[2025-07-24T17:37:08.875Z] INFO: GET /api/manifests - ::1
[2025-07-24T17:37:08.876Z] INFO: GET /api/manifests/68826ca9deaf943c1f444255 - ::1
[2025-07-24T17:37:08.879Z] INFO: GET /api/manifests/68826ca9deaf943c1f444255 - ::1
[2025-07-24T17:37:08.879Z] INFO: GET /api/manifests - ::1
[2025-07-24T17:37:08.885Z] INFO: GET /api/manifests - ::1
[2025-07-24T17:37:08.886Z] INFO: GET /api/manifests/68826ca9deaf943c1f444255 - ::1
[2025-07-24T17:37:08.900Z] INFO: GET /api/manifests - ::1
[2025-07-24T17:37:08.900Z] INFO: GET /api/manifests/68826ca9deaf943c1f444255 - ::1
[2025-07-24T17:50:28.404Z] INFO: GET /api/manifests - ::1
[2025-07-24T17:50:28.406Z] INFO: GET /api/manifests/68826ca9deaf943c1f444255 - ::1
[2025-07-24T17:50:28.413Z] INFO: GET /api/manifests - ::1
[2025-07-24T17:50:28.417Z] INFO: GET /api/manifests/68826ca9deaf943c1f444255 - ::1
[2025-07-24T17:50:28.419Z] INFO: GET /api/manifests - ::1
[2025-07-24T17:50:28.420Z] INFO: GET /api/manifests/68826ca9deaf943c1f444255 - ::1
[2025-07-24T17:50:28.423Z] INFO: GET /api/manifests - ::1
[2025-07-24T17:50:28.424Z] INFO: GET /api/manifests/68826ca9deaf943c1f444255 - ::1
[2025-07-24T17:51:23.950Z] INFO: OPTIONS /api/manifests/68826ca9deaf943c1f444255 - ::1
[2025-07-24T17:51:23.952Z] INFO: PUT /api/manifests/68826ca9deaf943c1f444255 - ::1
[2025-07-24T17:51:23.981Z] INFO: GET /api/manifests/68826ca9deaf943c1f444255 - ::1
[2025-07-24T17:51:32.247Z] INFO: GET /api/manifests - ::1
[2025-07-24T17:51:32.253Z] INFO: GET /api/manifests - ::1
[2025-07-24T17:51:33.667Z] INFO: GET /api/manifests - ::1
[2025-07-24T17:51:33.669Z] INFO: GET /api/manifests/68826ca9deaf943c1f444255 - ::1
[2025-07-24T17:51:33.675Z] INFO: GET /api/manifests - ::1
[2025-07-24T17:51:33.676Z] INFO: GET /api/manifests/68826ca9deaf943c1f444255 - ::1
[2025-07-24T17:52:12.416Z] INFO: OPTIONS /api/manifests/68826ca9deaf943c1f444255 - ::1
[2025-07-24T17:52:12.420Z] INFO: PUT /api/manifests/68826ca9deaf943c1f444255 - ::1
[2025-07-24T17:52:12.440Z] INFO: GET /api/manifests/68826ca9deaf943c1f444255 - ::1
[2025-07-24T17:53:51.067Z] INFO: OPTIONS /api/manifests/68826ca9deaf943c1f444255 - ::1
[2025-07-24T17:53:51.072Z] INFO: PUT /api/manifests/68826ca9deaf943c1f444255 - ::1
[2025-07-24T17:53:51.090Z] INFO: GET /api/manifests/68826ca9deaf943c1f444255 - ::1
[2025-07-24T17:53:55.380Z] INFO: GET /api/manifests/68826ca9deaf943c1f444255 - ::1
[2025-07-24T17:53:55.381Z] INFO: GET /api/manifests - ::1
[2025-07-24T17:53:55.385Z] INFO: GET /api/manifests - ::1
[2025-07-24T17:53:55.386Z] INFO: GET /api/manifests/68826ca9deaf943c1f444255 - ::1
[2025-07-24T17:56:54.549Z] INFO: GET /api/manifests - ::1
[2025-07-24T17:56:54.550Z] INFO: GET /api/manifests/68826ca9deaf943c1f444255 - ::1
[2025-07-24T17:56:54.553Z] INFO: GET /api/manifests - ::1
[2025-07-24T17:56:54.553Z] INFO: GET /api/manifests/68826ca9deaf943c1f444255 - ::1
[2025-07-24T17:56:59.297Z] INFO: OPTIONS /api/manifests/68826ca9deaf943c1f444255 - ::1
[2025-07-24T17:56:59.299Z] INFO: PUT /api/manifests/68826ca9deaf943c1f444255 - ::1
[2025-07-24T17:56:59.323Z] INFO: GET /api/manifests/68826ca9deaf943c1f444255 - ::1
[2025-07-24T17:57:04.006Z] INFO: GET /api/manifests - ::1
[2025-07-24T17:57:04.008Z] INFO: GET /api/manifests/68826ca9deaf943c1f444255 - ::1
[2025-07-24T17:57:04.010Z] INFO: GET /api/manifests - ::1
[2025-07-24T17:57:04.011Z] INFO: GET /api/manifests/68826ca9deaf943c1f444255 - ::1
[2025-07-24T17:57:09.130Z] INFO: OPTIONS /api/manifests/68826ca9deaf943c1f444255 - ::1
[2025-07-24T17:57:09.132Z] INFO: PUT /api/manifests/68826ca9deaf943c1f444255 - ::1
[2025-07-24T17:57:09.154Z] INFO: GET /api/manifests/68826ca9deaf943c1f444255 - ::1
[2025-07-24T18:03:03.432Z] INFO: OPTIONS /api/manifests/68826ca9deaf943c1f444255 - ::1
[2025-07-24T18:03:03.434Z] INFO: PUT /api/manifests/68826ca9deaf943c1f444255 - ::1
[2025-07-24T18:06:29.702Z] INFO: OPTIONS /api/manifests/68826ca9deaf943c1f444255 - ::1
[2025-07-24T18:06:29.711Z] INFO: PUT /api/manifests/68826ca9deaf943c1f444255 - ::1
[2025-07-24T18:06:59.600Z] INFO: OPTIONS /api/manifests/68826ca9deaf943c1f444255 - ::1
[2025-07-24T18:06:59.608Z] INFO: PUT /api/manifests/68826ca9deaf943c1f444255 - ::1
[2025-07-24T18:06:59.664Z] INFO: GET /api/manifests/68826ca9deaf943c1f444255 - ::1
[2025-07-24T18:08:13.393Z] INFO: OPTIONS /api/manifests/68826ca9deaf943c1f444255 - ::1
[2025-07-24T18:08:13.395Z] INFO: PUT /api/manifests/68826ca9deaf943c1f444255 - ::1
[2025-07-24T18:08:13.422Z] INFO: GET /api/manifests/68826ca9deaf943c1f444255 - ::1
[2025-07-24T18:14:02.885Z] INFO: OPTIONS /api/manifests/68826ca9deaf943c1f444255 - ::1
[2025-07-24T18:14:02.894Z] INFO: PUT /api/manifests/68826ca9deaf943c1f444255 - ::1
[2025-07-24T18:51:29.631Z] INFO: OPTIONS /api/manifests/68826ca9deaf943c1f444255 - ::1
[2025-07-24T18:51:29.635Z] INFO: PUT /api/manifests/68826ca9deaf943c1f444255 - ::1
[2025-07-24T18:51:37.456Z] INFO: OPTIONS /api/manifests/68826ca9deaf943c1f444255 - ::1
[2025-07-24T18:51:37.466Z] INFO: PUT /api/manifests/68826ca9deaf943c1f444255 - ::1
[2025-07-24T18:58:03.943Z] INFO: OPTIONS /api/manifests/68826ca9deaf943c1f444255 - ::1
[2025-07-24T18:58:03.951Z] INFO: PUT /api/manifests/68826ca9deaf943c1f444255 - ::1
[2025-07-24T18:58:04.007Z] INFO: GET /api/manifests/68826ca9deaf943c1f444255 - ::1
[2025-07-24T18:58:11.752Z] INFO: GET /api/manifests/68826ca9deaf943c1f444255 - ::1
[2025-07-24T18:58:11.754Z] INFO: GET /api/manifests - ::1
[2025-07-24T18:58:11.766Z] INFO: GET /api/manifests/68826ca9deaf943c1f444255 - ::1
[2025-07-24T18:58:11.767Z] INFO: GET /api/manifests - ::1
[2025-07-24T18:58:14.003Z] INFO: OPTIONS /api/manifests - ::1
[2025-07-24T18:58:14.005Z] INFO: POST /api/manifests - ::1
[2025-07-24T18:58:34.134Z] INFO: GET /api/manifests - ::1
[2025-07-24T18:58:34.136Z] INFO: GET /api/manifests/68826ca9deaf943c1f444255 - ::1
[2025-07-24T18:58:34.146Z] INFO: GET /api/manifests - ::1
[2025-07-24T18:58:34.147Z] INFO: GET /api/manifests/68826ca9deaf943c1f444255 - ::1
[2025-07-24T18:59:28.350Z] INFO: GET /api/manifests - ::1
[2025-07-24T18:59:28.351Z] INFO: GET /api/manifests/68826ca9deaf943c1f444255 - ::1
[2025-07-24T18:59:28.364Z] INFO: GET /api/manifests - ::1
[2025-07-24T18:59:28.365Z] INFO: GET /api/manifests/68826ca9deaf943c1f444255 - ::1
[2025-07-24T18:59:29.224Z] INFO: GET /api/manifests - ::1
[2025-07-24T18:59:29.225Z] INFO: GET /api/manifests/68826ca9deaf943c1f444255 - ::1
[2025-07-24T18:59:29.236Z] INFO: GET /api/manifests - ::1
[2025-07-24T18:59:29.237Z] INFO: GET /api/manifests/68826ca9deaf943c1f444255 - ::1
[2025-07-24T19:00:01.437Z] INFO: GET /api/manifests - ::1
[2025-07-24T19:00:01.439Z] INFO: GET /api/manifests/68826ca9deaf943c1f444255 - ::1
[2025-07-24T19:00:01.447Z] INFO: GET /api/manifests - ::1
[2025-07-24T19:00:01.449Z] INFO: GET /api/manifests/68826ca9deaf943c1f444255 - ::1
[2025-07-24T19:00:07.569Z] INFO: OPTIONS /api/manifests/68826ca9deaf943c1f444255 - ::1
[2025-07-24T19:00:07.571Z] INFO: PUT /api/manifests/68826ca9deaf943c1f444255 - ::1
[2025-07-24T19:00:07.584Z] INFO: GET /api/manifests/68826ca9deaf943c1f444255 - ::1
[2025-07-24T19:00:11.689Z] INFO: GET /api/manifests - ::1
[2025-07-24T19:00:11.693Z] INFO: GET /api/manifests/68826ca9deaf943c1f444255 - ::1
[2025-07-24T19:00:11.694Z] INFO: GET /api/manifests - ::1
[2025-07-24T19:00:11.701Z] INFO: GET /api/manifests/68826ca9deaf943c1f444255 - ::1
[2025-07-24T19:00:40.419Z] INFO: OPTIONS /api/manifests/68826ca9deaf943c1f444255 - ::1
[2025-07-24T19:00:40.421Z] INFO: PUT /api/manifests/68826ca9deaf943c1f444255 - ::1
[2025-07-24T19:00:40.444Z] INFO: GET /api/manifests/68826ca9deaf943c1f444255 - ::1
[2025-07-24T19:00:42.842Z] INFO: GET /api/manifests - ::1
[2025-07-24T19:00:42.844Z] INFO: GET /api/manifests/68826ca9deaf943c1f444255 - ::1
[2025-07-24T19:00:42.853Z] INFO: GET /api/manifests - ::1
[2025-07-24T19:00:42.854Z] INFO: GET /api/manifests/68826ca9deaf943c1f444255 - ::1
[2025-07-24T19:00:46.787Z] INFO: OPTIONS /api/manifests/68826ca9deaf943c1f444255 - ::1
[2025-07-24T19:00:46.789Z] INFO: PUT /api/manifests/68826ca9deaf943c1f444255 - ::1
[2025-07-24T19:00:46.806Z] INFO: GET /api/manifests/68826ca9deaf943c1f444255 - ::1
[2025-07-24T19:00:47.617Z] INFO: GET /api/manifests - ::1
[2025-07-24T19:00:47.619Z] INFO: GET /api/manifests/68826ca9deaf943c1f444255 - ::1
[2025-07-24T19:00:47.626Z] INFO: GET /api/manifests - ::1
[2025-07-24T19:00:47.627Z] INFO: GET /api/manifests/68826ca9deaf943c1f444255 - ::1
[2025-07-24T19:00:55.619Z] INFO: OPTIONS /api/manifests/68826ca9deaf943c1f444255 - ::1
[2025-07-24T19:00:55.621Z] INFO: PUT /api/manifests/68826ca9deaf943c1f444255 - ::1
[2025-07-24T19:00:55.641Z] INFO: GET /api/manifests/68826ca9deaf943c1f444255 - ::1
[2025-07-24T19:00:56.432Z] INFO: GET /api/manifests - ::1
[2025-07-24T19:00:56.434Z] INFO: GET /api/manifests/68826ca9deaf943c1f444255 - ::1
[2025-07-24T19:00:56.444Z] INFO: GET /api/manifests - ::1
[2025-07-24T19:00:56.447Z] INFO: GET /api/manifests/68826ca9deaf943c1f444255 - ::1
[2025-07-24T19:01:05.806Z] INFO: OPTIONS /api/manifests/68826ca9deaf943c1f444255 - ::1
[2025-07-24T19:01:05.808Z] INFO: PUT /api/manifests/68826ca9deaf943c1f444255 - ::1
[2025-07-24T19:01:05.832Z] INFO: GET /api/manifests/68826ca9deaf943c1f444255 - ::1
[2025-07-24T19:01:07.692Z] INFO: GET /api/manifests - ::1
[2025-07-24T19:01:07.693Z] INFO: GET /api/manifests/68826ca9deaf943c1f444255 - ::1
[2025-07-24T19:01:07.696Z] INFO: GET /api/manifests - ::1
[2025-07-24T19:01:07.696Z] INFO: GET /api/manifests/68826ca9deaf943c1f444255 - ::1
[2025-07-24T19:01:09.956Z] INFO: GET /api/manifests - ::1
[2025-07-24T19:01:09.957Z] INFO: GET /api/manifests/68826ca9deaf943c1f444255 - ::1
[2025-07-24T19:01:09.964Z] INFO: GET /api/manifests - ::1
[2025-07-24T19:01:09.966Z] INFO: GET /api/manifests/68826ca9deaf943c1f444255 - ::1
[2025-07-24T19:01:19.290Z] INFO: OPTIONS /api/manifests/68826ca9deaf943c1f444255 - ::1
[2025-07-24T19:01:19.293Z] INFO: PUT /api/manifests/68826ca9deaf943c1f444255 - ::1
[2025-07-24T19:01:19.315Z] INFO: GET /api/manifests/68826ca9deaf943c1f444255 - ::1
[2025-07-24T19:16:13.826Z] INFO: GET /api/manifests - ::1
[2025-07-24T19:16:13.828Z] INFO: GET /api/manifests/68826ca9deaf943c1f444255 - ::1
[2025-07-24T19:16:13.835Z] INFO: GET /api/manifests - ::1
[2025-07-24T19:16:13.840Z] INFO: GET /api/manifests/68826ca9deaf943c1f444255 - ::1
[2025-07-24T19:16:27.708Z] INFO: OPTIONS /api/manifests/68826ca9deaf943c1f444255 - ::1
[2025-07-24T19:16:27.710Z] INFO: PUT /api/manifests/68826ca9deaf943c1f444255 - ::1
[2025-07-24T19:16:27.733Z] INFO: GET /api/manifests/68826ca9deaf943c1f444255 - ::1
[2025-07-24T19:21:26.344Z] INFO: GET /api/manifests - ::1
[2025-07-24T19:21:26.345Z] INFO: GET /api/manifests/68826ca9deaf943c1f444255 - ::1
[2025-07-24T19:21:26.347Z] INFO: GET /api/manifests - ::1
[2025-07-24T19:21:26.348Z] INFO: GET /api/manifests/68826ca9deaf943c1f444255 - ::1
[2025-07-24T19:21:34.500Z] INFO: GET /api/manifests - ::1
[2025-07-24T19:21:34.500Z] INFO: GET /api/manifests/68826ca9deaf943c1f444255 - ::1
[2025-07-24T19:21:34.504Z] INFO: GET /api/manifests - ::1
[2025-07-24T19:21:34.504Z] INFO: GET /api/manifests/68826ca9deaf943c1f444255 - ::1
[2025-07-24T19:21:39.166Z] INFO: GET /api/manifests - ::1
[2025-07-24T19:21:39.167Z] INFO: GET /api/manifests/68826ca9deaf943c1f444255 - ::1
[2025-07-24T19:21:39.170Z] INFO: GET /api/manifests - ::1
[2025-07-24T19:21:39.170Z] INFO: GET /api/manifests/68826ca9deaf943c1f444255 - ::1
[2025-07-24T19:21:55.614Z] INFO: GET /api/manifests - ::1
[2025-07-24T19:21:55.622Z] INFO: GET /api/manifests/68826ca9deaf943c1f444255 - ::1
[2025-07-24T19:21:55.639Z] INFO: GET /api/manifests - ::1
[2025-07-24T19:21:55.640Z] INFO: GET /api/manifests/68826ca9deaf943c1f444255 - ::1
[2025-07-24T19:22:04.522Z] INFO: GET /api/manifests - ::1
[2025-07-24T19:22:04.523Z] INFO: GET /api/manifests/68826ca9deaf943c1f444255 - ::1
[2025-07-24T19:22:04.529Z] INFO: GET /api/manifests - ::1
[2025-07-24T19:22:04.532Z] INFO: GET /api/manifests/68826ca9deaf943c1f444255 - ::1
[2025-07-24T19:22:17.062Z] INFO: GET /api/manifests - ::1
[2025-07-24T19:22:17.063Z] INFO: GET /api/manifests/68826ca9deaf943c1f444255 - ::1
[2025-07-24T19:22:17.066Z] INFO: GET /api/manifests - ::1
[2025-07-24T19:22:17.067Z] INFO: GET /api/manifests/68826ca9deaf943c1f444255 - ::1
[2025-07-24T19:22:22.988Z] INFO: GET /api/manifests - ::1
[2025-07-24T19:22:22.994Z] INFO: GET /api/manifests/68826ca9deaf943c1f444255 - ::1
[2025-07-24T19:22:23.011Z] INFO: GET /api/manifests - ::1
[2025-07-24T19:22:23.012Z] INFO: GET /api/manifests/68826ca9deaf943c1f444255 - ::1
[2025-07-24T19:23:55.734Z] INFO: GET /api/manifests - ::1
[2025-07-24T19:23:55.740Z] INFO: GET /api/manifests/68826ca9deaf943c1f444255 - ::1
[2025-07-24T19:23:55.759Z] INFO: GET /api/manifests - ::1
[2025-07-24T19:23:55.761Z] INFO: GET /api/manifests/68826ca9deaf943c1f444255 - ::1
[2025-07-24T19:24:10.979Z] INFO: OPTIONS /api/manifests/68826ca9deaf943c1f444255 - ::1
[2025-07-24T19:24:10.982Z] INFO: PUT /api/manifests/68826ca9deaf943c1f444255 - ::1
[2025-07-24T19:24:11.028Z] INFO: GET /api/manifests/68826ca9deaf943c1f444255 - ::1
[2025-07-24T19:31:18.268Z] INFO: OPTIONS /api/manifests/68826ca9deaf943c1f444255 - ::1
[2025-07-24T19:31:18.275Z] INFO: PUT /api/manifests/68826ca9deaf943c1f444255 - ::1
[2025-07-24T19:31:18.331Z] INFO: GET /api/manifests/68826ca9deaf943c1f444255 - ::1
[2025-07-24T19:34:46.386Z] INFO: GET /api/manifests - ::1
[2025-07-24T19:34:46.393Z] INFO: GET /api/manifests/68826ca9deaf943c1f444255 - ::1
[2025-07-24T19:34:46.406Z] INFO: GET /api/manifests - ::1
[2025-07-24T19:34:46.407Z] INFO: GET /api/manifests/68826ca9deaf943c1f444255 - ::1
[2025-07-24T19:34:46.426Z] INFO: GET /api/manifests - ::1
[2025-07-24T19:34:46.428Z] INFO: GET /api/manifests/68826ca9deaf943c1f444255 - ::1
[2025-07-24T19:34:46.435Z] INFO: GET /api/manifests - ::1
[2025-07-24T19:34:46.436Z] INFO: GET /api/manifests/68826ca9deaf943c1f444255 - ::1
[2025-07-24T19:38:19.123Z] INFO: GET /api/manifests - ::1
[2025-07-24T19:38:19.126Z] INFO: GET /api/manifests/68826ca9deaf943c1f444255 - ::1
[2025-07-24T19:38:19.136Z] INFO: GET /api/manifests - ::1
[2025-07-24T19:38:19.139Z] INFO: GET /api/manifests/68826ca9deaf943c1f444255 - ::1
[2025-07-24T19:38:49.065Z] INFO: OPTIONS /api/manifests/68826ca9deaf943c1f444255 - ::1
[2025-07-24T19:38:49.067Z] INFO: PUT /api/manifests/68826ca9deaf943c1f444255 - ::1
[2025-07-24T19:38:49.096Z] INFO: GET /api/manifests/68826ca9deaf943c1f444255 - ::1
[2025-07-24T19:38:51.147Z] INFO: GET /api/manifests - ::1
[2025-07-24T19:38:51.149Z] INFO: GET /api/manifests/68826ca9deaf943c1f444255 - ::1
[2025-07-24T19:38:51.152Z] INFO: GET /api/manifests - ::1
[2025-07-24T19:38:51.157Z] INFO: GET /api/manifests/68826ca9deaf943c1f444255 - ::1
[2025-07-24T19:41:23.221Z] INFO: GET /api/manifests - ::1
[2025-07-24T19:41:23.224Z] INFO: GET /api/manifests/68826ca9deaf943c1f444255 - ::1
[2025-07-24T19:41:23.234Z] INFO: GET /api/manifests - ::1
[2025-07-24T19:41:23.235Z] INFO: GET /api/manifests/68826ca9deaf943c1f444255 - ::1
[2025-07-24T19:41:23.257Z] INFO: GET /api/manifests/68826ca9deaf943c1f444255 - ::1
[2025-07-24T19:41:23.258Z] INFO: GET /api/manifests - ::1
[2025-07-24T19:41:23.262Z] INFO: GET /api/manifests/68826ca9deaf943c1f444255 - ::1
[2025-07-24T19:41:23.263Z] INFO: GET /api/manifests - ::1
[2025-07-24T19:41:31.233Z] INFO: OPTIONS /api/manifests/68826ca9deaf943c1f444255 - ::1
[2025-07-24T19:41:31.235Z] INFO: PUT /api/manifests/68826ca9deaf943c1f444255 - ::1
[2025-07-24T19:41:31.253Z] INFO: GET /api/manifests/68826ca9deaf943c1f444255 - ::1
[2025-07-24T19:41:32.970Z] INFO: GET /api/manifests - ::1
[2025-07-24T19:41:32.971Z] INFO: GET /api/manifests/68826ca9deaf943c1f444255 - ::1
[2025-07-24T19:41:32.976Z] INFO: GET /api/manifests - ::1
[2025-07-24T19:41:32.978Z] INFO: GET /api/manifests/68826ca9deaf943c1f444255 - ::1
[2025-07-24T19:41:38.474Z] INFO: GET /api/manifests - ::1
[2025-07-24T19:41:38.475Z] INFO: GET /api/manifests/68826ca9deaf943c1f444255 - ::1
[2025-07-24T19:41:38.491Z] INFO: GET /api/manifests - ::1
[2025-07-24T19:41:38.494Z] INFO: GET /api/manifests/68826ca9deaf943c1f444255 - ::1
[2025-07-24T19:41:38.509Z] INFO: GET /api/manifests - ::1
[2025-07-24T19:41:38.515Z] INFO: GET /api/manifests/68826ca9deaf943c1f444255 - ::1
[2025-07-24T19:41:38.518Z] INFO: GET /api/manifests - ::1
[2025-07-24T19:41:38.521Z] INFO: GET /api/manifests/68826ca9deaf943c1f444255 - ::1
[2025-07-24T19:41:39.238Z] INFO: GET /api/manifests - ::1
[2025-07-24T19:41:39.239Z] INFO: GET /api/manifests/68826ca9deaf943c1f444255 - ::1
[2025-07-24T19:41:39.243Z] INFO: GET /api/manifests - ::1
[2025-07-24T19:41:39.243Z] INFO: GET /api/manifests/68826ca9deaf943c1f444255 - ::1
[2025-07-24T19:41:41.673Z] INFO: OPTIONS /api/manifests/68826ca9deaf943c1f444255 - ::1
[2025-07-24T19:41:41.676Z] INFO: PUT /api/manifests/68826ca9deaf943c1f444255 - ::1
[2025-07-24T19:41:41.699Z] INFO: GET /api/manifests/68826ca9deaf943c1f444255 - ::1
[2025-07-24T19:41:52.043Z] INFO: OPTIONS /api/manifests/68826ca9deaf943c1f444255 - ::1
[2025-07-24T19:41:52.053Z] INFO: PUT /api/manifests/68826ca9deaf943c1f444255 - ::1
[2025-07-24T19:41:52.114Z] INFO: GET /api/manifests/68826ca9deaf943c1f444255 - ::1
[2025-07-24T19:41:53.109Z] INFO: GET /api/manifests - ::1
[2025-07-24T19:41:53.112Z] INFO: GET /api/manifests/68826ca9deaf943c1f444255 - ::1
[2025-07-24T19:41:53.123Z] INFO: GET /api/manifests - ::1
[2025-07-24T19:41:53.124Z] INFO: GET /api/manifests/68826ca9deaf943c1f444255 - ::1
[2025-07-24T19:41:53.796Z] INFO: GET /api/manifests - ::1
[2025-07-24T19:41:53.797Z] INFO: GET /api/manifests/68826ca9deaf943c1f444255 - ::1
[2025-07-24T19:41:53.801Z] INFO: GET /api/manifests - ::1
[2025-07-24T19:41:53.802Z] INFO: GET /api/manifests/68826ca9deaf943c1f444255 - ::1
[2025-07-24T19:42:06.290Z] INFO: OPTIONS /api/manifests/68826ca9deaf943c1f444255 - ::1
[2025-07-24T19:42:06.293Z] INFO: PUT /api/manifests/68826ca9deaf943c1f444255 - ::1
[2025-07-24T19:42:06.328Z] INFO: GET /api/manifests/68826ca9deaf943c1f444255 - ::1
[2025-07-24T19:42:08.810Z] INFO: GET /api/manifests - ::1
[2025-07-24T19:42:08.811Z] INFO: GET /api/manifests/68826ca9deaf943c1f444255 - ::1
[2025-07-24T19:42:08.820Z] INFO: GET /api/manifests - ::1
[2025-07-24T19:42:08.822Z] INFO: GET /api/manifests/68826ca9deaf943c1f444255 - ::1
[2025-07-24T19:42:16.422Z] INFO: OPTIONS /api/manifests/68826ca9deaf943c1f444255 - ::1
[2025-07-24T19:42:16.425Z] INFO: PUT /api/manifests/68826ca9deaf943c1f444255 - ::1
[2025-07-24T19:42:16.456Z] INFO: GET /api/manifests/68826ca9deaf943c1f444255 - ::1
[2025-07-24T19:50:37.729Z] INFO: GET /api/manifests - ::1
[2025-07-24T19:50:37.735Z] INFO: GET /api/manifests/68826ca9deaf943c1f444255 - ::1
[2025-07-24T19:50:37.753Z] INFO: GET /api/manifests - ::1
[2025-07-24T19:50:37.755Z] INFO: GET /api/manifests/68826ca9deaf943c1f444255 - ::1
[2025-07-24T19:50:42.108Z] INFO: OPTIONS /api/manifests/68826ca9deaf943c1f444255 - ::1
[2025-07-24T19:50:42.112Z] INFO: PUT /api/manifests/68826ca9deaf943c1f444255 - ::1
[2025-07-24T19:50:42.161Z] INFO: GET /api/manifests/68826ca9deaf943c1f444255 - ::1
[2025-07-24T19:51:00.971Z] INFO: GET /api/manifests/68826ca9deaf943c1f444255 - ::1
[2025-07-24T19:51:00.972Z] INFO: GET /api/manifests - ::1
[2025-07-24T19:51:01.026Z] INFO: GET /api/manifests/68826ca9deaf943c1f444255 - ::1
[2025-07-24T19:51:01.026Z] INFO: GET /api/manifests - ::1
[2025-07-24T19:51:01.031Z] INFO: GET /api/manifests/68826ca9deaf943c1f444255 - ::1
[2025-07-24T19:51:01.032Z] INFO: GET /api/manifests - ::1
[2025-07-24T19:51:01.035Z] INFO: GET /api/manifests/68826ca9deaf943c1f444255 - ::1
[2025-07-24T19:51:01.035Z] INFO: GET /api/manifests - ::1
[2025-07-24T19:51:02.377Z] INFO: GET /api/manifests - ::1
[2025-07-24T19:51:02.378Z] INFO: GET /api/manifests/68826ca9deaf943c1f444255 - ::1
[2025-07-24T19:51:02.381Z] INFO: GET /api/manifests - ::1
[2025-07-24T19:51:02.382Z] INFO: GET /api/manifests/68826ca9deaf943c1f444255 - ::1
[2025-07-24T19:51:06.339Z] INFO: OPTIONS /api/manifests/68826ca9deaf943c1f444255 - ::1
[2025-07-24T19:51:06.342Z] INFO: PUT /api/manifests/68826ca9deaf943c1f444255 - ::1
[2025-07-24T19:51:06.376Z] INFO: GET /api/manifests/68826ca9deaf943c1f444255 - ::1
[2025-07-24T19:51:08.550Z] INFO: GET /api/manifests - ::1
[2025-07-24T19:51:08.552Z] INFO: GET /api/manifests/68826ca9deaf943c1f444255 - ::1
[2025-07-24T19:51:08.562Z] INFO: GET /api/manifests - ::1
[2025-07-24T19:51:08.566Z] INFO: GET /api/manifests/68826ca9deaf943c1f444255 - ::1
[2025-07-24T19:51:12.088Z] INFO: OPTIONS /api/manifests/68826ca9deaf943c1f444255 - ::1
[2025-07-24T19:51:12.090Z] INFO: PUT /api/manifests/68826ca9deaf943c1f444255 - ::1
[2025-07-24T19:51:12.107Z] INFO: GET /api/manifests/68826ca9deaf943c1f444255 - ::1
[2025-07-24T19:51:13.941Z] INFO: GET /api/manifests - ::1
[2025-07-24T19:51:13.942Z] INFO: GET /api/manifests/68826ca9deaf943c1f444255 - ::1
[2025-07-24T19:51:13.946Z] INFO: GET /api/manifests - ::1
[2025-07-24T19:51:13.948Z] INFO: GET /api/manifests/68826ca9deaf943c1f444255 - ::1
[2025-07-24T19:51:48.923Z] INFO: GET /api/manifests/68826ca9deaf943c1f444255 - ::1
[2025-07-24T19:51:48.924Z] INFO: GET /api/manifests - ::1
[2025-07-24T19:51:48.934Z] INFO: GET /api/manifests/68826ca9deaf943c1f444255 - ::1
[2025-07-24T19:51:48.935Z] INFO: GET /api/manifests - ::1
[2025-07-24T19:51:48.962Z] INFO: GET /api/manifests/68826ca9deaf943c1f444255 - ::1
[2025-07-24T19:51:48.963Z] INFO: GET /api/manifests - ::1
[2025-07-24T19:51:48.969Z] INFO: GET /api/manifests/68826ca9deaf943c1f444255 - ::1
[2025-07-24T19:51:48.969Z] INFO: GET /api/manifests - ::1
[2025-07-24T19:51:49.350Z] INFO: GET /api/manifests - ::1
[2025-07-24T19:51:49.352Z] INFO: GET /api/manifests/68826ca9deaf943c1f444255 - ::1
[2025-07-24T19:51:49.361Z] INFO: GET /api/manifests - ::1
[2025-07-24T19:51:49.361Z] INFO: GET /api/manifests/68826ca9deaf943c1f444255 - ::1
[2025-07-24T19:54:49.292Z] INFO: OPTIONS /api/manifests/68826ca9deaf943c1f444255 - ::1
[2025-07-24T19:54:49.295Z] INFO: PUT /api/manifests/68826ca9deaf943c1f444255 - ::1
[2025-07-24T19:54:49.325Z] INFO: GET /api/manifests/68826ca9deaf943c1f444255 - ::1
[2025-07-24T19:54:56.558Z] INFO: OPTIONS /api/manifests/68826ca9deaf943c1f444255 - ::1
[2025-07-24T19:54:56.561Z] INFO: PUT /api/manifests/68826ca9deaf943c1f444255 - ::1
[2025-07-24T19:54:56.590Z] INFO: GET /api/manifests/68826ca9deaf943c1f444255 - ::1
[2025-07-24T19:54:57.930Z] INFO: GET /api/manifests/68826ca9deaf943c1f444255 - ::1
[2025-07-24T19:54:57.931Z] INFO: GET /api/manifests - ::1
[2025-07-24T19:54:57.937Z] INFO: GET /api/manifests/68826ca9deaf943c1f444255 - ::1
[2025-07-24T19:54:57.944Z] INFO: GET /api/manifests - ::1
[2025-07-24T19:55:54.073Z] INFO: GET /api/manifests - ::1
[2025-07-24T19:55:54.074Z] INFO: GET /api/manifests/68826ca9deaf943c1f444255 - ::1
[2025-07-24T19:55:54.112Z] INFO: GET /api/manifests - ::1
[2025-07-24T19:55:54.113Z] INFO: GET /api/manifests/68826ca9deaf943c1f444255 - ::1
[2025-07-24T19:55:54.118Z] INFO: GET /api/manifests - ::1
[2025-07-24T19:55:54.118Z] INFO: GET /api/manifests/68826ca9deaf943c1f444255 - ::1
[2025-07-24T19:55:54.123Z] INFO: GET /api/manifests - ::1
[2025-07-24T19:55:54.123Z] INFO: GET /api/manifests/68826ca9deaf943c1f444255 - ::1
[2025-07-24T19:55:58.438Z] INFO: GET /api/manifests - ::1
[2025-07-24T19:55:58.445Z] INFO: GET /api/manifests/68826ca9deaf943c1f444255 - ::1
[2025-07-24T19:55:58.458Z] INFO: GET /api/manifests - ::1
[2025-07-24T19:55:58.459Z] INFO: GET /api/manifests/68826ca9deaf943c1f444255 - ::1
[2025-07-24T19:57:32.658Z] INFO: OPTIONS /api/manifests/68826ca9deaf943c1f444255 - ::1
[2025-07-24T19:57:32.661Z] INFO: PUT /api/manifests/68826ca9deaf943c1f444255 - ::1
[2025-07-24T19:57:32.691Z] INFO: GET /api/manifests/68826ca9deaf943c1f444255 - ::1
[2025-07-24T19:57:34.631Z] INFO: GET /api/manifests - ::1
[2025-07-24T19:57:34.632Z] INFO: GET /api/manifests/68826ca9deaf943c1f444255 - ::1
[2025-07-24T19:57:34.644Z] INFO: GET /api/manifests - ::1
[2025-07-24T19:57:34.644Z] INFO: GET /api/manifests/68826ca9deaf943c1f444255 - ::1
[2025-07-24T19:57:49.275Z] INFO: GET /api/manifests - ::1
[2025-07-24T19:57:49.277Z] INFO: GET /api/manifests/68826ca9deaf943c1f444255 - ::1
[2025-07-24T19:57:49.288Z] INFO: GET /api/manifests - ::1
[2025-07-24T19:57:49.289Z] INFO: GET /api/manifests/68826ca9deaf943c1f444255 - ::1
[2025-07-24T19:57:58.085Z] INFO: GET /api/manifests - ::1
[2025-07-24T19:57:58.088Z] INFO: GET /api/manifests/68826ca9deaf943c1f444255 - ::1
[2025-07-24T19:57:58.115Z] INFO: GET /api/manifests/68826ca9deaf943c1f444255 - ::1
[2025-07-24T19:57:58.115Z] INFO: GET /api/manifests - ::1
[2025-07-24T19:58:01.726Z] INFO: OPTIONS /api/manifests/68826ca9deaf943c1f444255 - ::1
[2025-07-24T19:58:01.729Z] INFO: PUT /api/manifests/68826ca9deaf943c1f444255 - ::1
[2025-07-24T19:58:01.761Z] INFO: GET /api/manifests/68826ca9deaf943c1f444255 - ::1
[2025-07-24T19:58:02.559Z] INFO: GET /api/manifests - ::1
[2025-07-24T19:58:02.560Z] INFO: GET /api/manifests/68826ca9deaf943c1f444255 - ::1
[2025-07-24T19:58:02.571Z] INFO: GET /api/manifests - ::1
[2025-07-24T19:58:02.572Z] INFO: GET /api/manifests/68826ca9deaf943c1f444255 - ::1
[2025-07-24T20:03:24.536Z] INFO: GET /api/manifests - ::1
[2025-07-24T20:03:24.545Z] INFO: GET /api/manifests/68826ca9deaf943c1f444255 - ::1
[2025-07-24T20:03:24.569Z] INFO: GET /api/manifests - ::1
[2025-07-24T20:03:24.578Z] INFO: GET /api/manifests/68826ca9deaf943c1f444255 - ::1
[2025-07-24T20:03:31.191Z] INFO: OPTIONS /api/manifests/68826ca9deaf943c1f444255 - ::1
[2025-07-24T20:03:31.194Z] INFO: PUT /api/manifests/68826ca9deaf943c1f444255 - ::1
[2025-07-24T20:03:31.244Z] INFO: GET /api/manifests/68826ca9deaf943c1f444255 - ::1
[2025-07-24T20:04:58.097Z] INFO: OPTIONS /api/manifests/68826ca9deaf943c1f444255 - ::1
[2025-07-24T20:04:58.107Z] INFO: PUT /api/manifests/68826ca9deaf943c1f444255 - ::1
[2025-07-24T20:04:58.170Z] INFO: GET /api/manifests/68826ca9deaf943c1f444255 - ::1
[2025-07-24T20:05:08.056Z] INFO: GET /api/manifests/68826ca9deaf943c1f444255 - ::1
[2025-07-24T20:05:08.057Z] INFO: GET /api/manifests - ::1
[2025-07-24T20:05:08.072Z] INFO: GET /api/manifests - ::1
[2025-07-24T20:05:08.073Z] INFO: GET /api/manifests/68826ca9deaf943c1f444255 - ::1
[2025-07-24T20:05:10.757Z] INFO: OPTIONS /api/manifests/68826ca9deaf943c1f444255 - ::1
[2025-07-24T20:05:10.760Z] INFO: PUT /api/manifests/68826ca9deaf943c1f444255 - ::1
[2025-07-24T20:05:10.797Z] INFO: GET /api/manifests/68826ca9deaf943c1f444255 - ::1
[2025-07-24T20:05:25.816Z] INFO: OPTIONS /api/manifests/68826ca9deaf943c1f444255 - ::1
[2025-07-24T20:05:25.825Z] INFO: PUT /api/manifests/68826ca9deaf943c1f444255 - ::1
[2025-07-24T20:05:25.894Z] INFO: GET /api/manifests/68826ca9deaf943c1f444255 - ::1
[2025-07-24T20:07:47.040Z] INFO: GET /api/manifests - ::1
[2025-07-24T20:07:47.052Z] INFO: GET /api/manifests/68826ca9deaf943c1f444255 - ::1
[2025-07-24T20:07:47.072Z] INFO: GET /api/manifests - ::1
[2025-07-24T20:07:47.080Z] INFO: GET /api/manifests/68826ca9deaf943c1f444255 - ::1
[2025-07-24T20:07:48.791Z] INFO: OPTIONS /api/manifests/68826ca9deaf943c1f444255 - ::1
[2025-07-24T20:07:48.793Z] INFO: PUT /api/manifests/68826ca9deaf943c1f444255 - ::1
[2025-07-24T20:07:48.845Z] INFO: GET /api/manifests/68826ca9deaf943c1f444255 - ::1
[2025-07-24T20:07:57.647Z] INFO: GET /api/manifests - ::1
[2025-07-24T20:07:57.663Z] INFO: GET /api/manifests/68826ca9deaf943c1f444255 - ::1
[2025-07-24T20:07:57.669Z] INFO: GET /api/manifests - ::1
[2025-07-24T20:07:57.672Z] INFO: GET /api/manifests/68826ca9deaf943c1f444255 - ::1
[2025-07-24T20:08:01.092Z] INFO: OPTIONS /api/manifests/68826ca9deaf943c1f444255 - ::1
[2025-07-24T20:08:01.095Z] INFO: PUT /api/manifests/68826ca9deaf943c1f444255 - ::1
[2025-07-24T20:08:01.132Z] INFO: GET /api/manifests/68826ca9deaf943c1f444255 - ::1
[2025-07-24T20:08:02.427Z] INFO: GET /api/manifests - ::1
[2025-07-24T20:08:02.427Z] INFO: GET /api/manifests/68826ca9deaf943c1f444255 - ::1
[2025-07-24T20:08:02.432Z] INFO: GET /api/manifests - ::1
[2025-07-24T20:08:02.438Z] INFO: GET /api/manifests/68826ca9deaf943c1f444255 - ::1
[2025-07-24T20:09:41.345Z] INFO: GET /api/manifests - ::1
[2025-07-24T20:09:41.346Z] INFO: GET /api/manifests/68826ca9deaf943c1f444255 - ::1
[2025-07-24T20:09:41.358Z] INFO: GET /api/manifests - ::1
[2025-07-24T20:09:41.360Z] INFO: GET /api/manifests/68826ca9deaf943c1f444255 - ::1
[2025-07-24T20:09:41.391Z] INFO: GET /api/manifests/68826ca9deaf943c1f444255 - ::1
[2025-07-24T20:09:41.391Z] INFO: GET /api/manifests - ::1
[2025-07-24T20:09:41.397Z] INFO: GET /api/manifests - ::1
[2025-07-24T20:09:41.397Z] INFO: GET /api/manifests/68826ca9deaf943c1f444255 - ::1
[2025-07-24T20:09:48.145Z] INFO: GET /api/manifests - ::1
[2025-07-24T20:09:48.147Z] INFO: GET /api/manifests/68826ca9deaf943c1f444255 - ::1
[2025-07-24T20:09:48.168Z] INFO: GET /api/manifests - ::1
[2025-07-24T20:09:48.169Z] INFO: GET /api/manifests/68826ca9deaf943c1f444255 - ::1
[2025-07-24T20:09:50.039Z] INFO: GET /api/manifests - ::1
[2025-07-24T20:09:50.039Z] INFO: GET /api/manifests/68826ca9deaf943c1f444255 - ::1
[2025-07-24T20:09:50.045Z] INFO: GET /api/manifests - ::1
[2025-07-24T20:09:50.045Z] INFO: GET /api/manifests/68826ca9deaf943c1f444255 - ::1
[2025-07-24T20:09:56.080Z] INFO: GET /api/manifests - ::1
[2025-07-24T20:09:56.082Z] INFO: GET /api/manifests/68826ca9deaf943c1f444255 - ::1
[2025-07-24T20:09:56.110Z] INFO: GET /api/manifests - ::1
[2025-07-24T20:09:56.111Z] INFO: GET /api/manifests/68826ca9deaf943c1f444255 - ::1
[2025-07-24T20:09:56.115Z] INFO: GET /api/manifests - ::1
[2025-07-24T20:09:56.116Z] INFO: GET /api/manifests/68826ca9deaf943c1f444255 - ::1
[2025-07-24T20:09:56.120Z] INFO: GET /api/manifests - ::1
[2025-07-24T20:09:56.121Z] INFO: GET /api/manifests/68826ca9deaf943c1f444255 - ::1
[2025-07-24T20:22:09.906Z] INFO: GET /api/manifests - ::1
[2025-07-24T20:22:09.907Z] INFO: GET /api/manifests/68826ca9deaf943c1f444255 - ::1
[2025-07-24T20:22:09.912Z] INFO: GET /api/manifests - ::1
[2025-07-24T20:22:09.912Z] INFO: GET /api/manifests/68826ca9deaf943c1f444255 - ::1
[2025-07-24T20:22:42.467Z] INFO: GET /api/manifests - ::1
[2025-07-24T20:22:42.468Z] INFO: GET /api/manifests/68826ca9deaf943c1f444255 - ::1
[2025-07-24T20:22:42.472Z] INFO: GET /api/manifests - ::1
[2025-07-24T20:22:42.473Z] INFO: GET /api/manifests/68826ca9deaf943c1f444255 - ::1
[2025-07-24T20:23:13.921Z] INFO: GET /api/manifests - ::1
[2025-07-24T20:23:13.923Z] INFO: GET /api/manifests/68826ca9deaf943c1f444255 - ::1
[2025-07-24T20:23:13.944Z] INFO: GET /api/manifests - ::1
[2025-07-24T20:23:13.945Z] INFO: GET /api/manifests/68826ca9deaf943c1f444255 - ::1
[2025-07-24T20:23:13.958Z] INFO: GET /api/manifests - ::1
[2025-07-24T20:23:13.958Z] INFO: GET /api/manifests/68826ca9deaf943c1f444255 - ::1
[2025-07-24T20:23:13.964Z] INFO: GET /api/manifests - ::1
[2025-07-24T20:23:13.965Z] INFO: GET /api/manifests/68826ca9deaf943c1f444255 - ::1
[2025-07-24T20:23:29.170Z] INFO: OPTIONS /api/manifests/68826ca9deaf943c1f444255 - ::1
[2025-07-24T20:23:29.172Z] INFO: PUT /api/manifests/68826ca9deaf943c1f444255 - ::1
[2025-07-24T20:23:29.202Z] INFO: GET /api/manifests/68826ca9deaf943c1f444255 - ::1
[2025-07-24T20:24:02.431Z] INFO: GET /api/manifests/68826ca9deaf943c1f444255 - ::1
[2025-07-24T20:24:02.432Z] INFO: GET /api/manifests - ::1
[2025-07-24T20:24:02.440Z] INFO: GET /api/manifests/68826ca9deaf943c1f444255 - ::1
[2025-07-24T20:24:02.441Z] INFO: GET /api/manifests - ::1
[2025-07-24T20:24:08.253Z] INFO: OPTIONS /api/manifests/68826ca9deaf943c1f444255 - ::1
[2025-07-24T20:24:08.255Z] INFO: PUT /api/manifests/68826ca9deaf943c1f444255 - ::1
[2025-07-24T20:24:08.283Z] INFO: GET /api/manifests/68826ca9deaf943c1f444255 - ::1
[2025-07-24T20:25:16.589Z] INFO: GET /api/manifests - ::1
[2025-07-24T20:25:16.592Z] INFO: GET /api/manifests/68826ca9deaf943c1f444255 - ::1
[2025-07-24T20:25:16.600Z] INFO: GET /api/manifests - ::1
[2025-07-24T20:25:16.601Z] INFO: GET /api/manifests/68826ca9deaf943c1f444255 - ::1
[2025-07-24T20:25:20.952Z] INFO: OPTIONS /api/manifests/68826ca9deaf943c1f444255 - ::1
[2025-07-24T20:25:20.955Z] INFO: PUT /api/manifests/68826ca9deaf943c1f444255 - ::1
[2025-07-24T20:25:20.997Z] INFO: GET /api/manifests/68826ca9deaf943c1f444255 - ::1
[2025-07-24T20:25:22.982Z] INFO: GET /api/manifests - ::1
[2025-07-24T20:25:22.983Z] INFO: GET /api/manifests/68826ca9deaf943c1f444255 - ::1
[2025-07-24T20:25:22.988Z] INFO: GET /api/manifests - ::1
[2025-07-24T20:25:22.989Z] INFO: GET /api/manifests/68826ca9deaf943c1f444255 - ::1
[2025-07-24T20:25:27.004Z] INFO: OPTIONS /api/manifests/68826ca9deaf943c1f444255 - ::1
[2025-07-24T20:25:27.007Z] INFO: PUT /api/manifests/68826ca9deaf943c1f444255 - ::1
[2025-07-24T20:25:27.036Z] INFO: GET /api/manifests/68826ca9deaf943c1f444255 - ::1
[2025-07-24T20:25:28.066Z] INFO: GET /api/manifests - ::1
[2025-07-24T20:25:28.067Z] INFO: GET /api/manifests/68826ca9deaf943c1f444255 - ::1
[2025-07-24T20:25:28.072Z] INFO: GET /api/manifests - ::1
[2025-07-24T20:25:28.072Z] INFO: GET /api/manifests/68826ca9deaf943c1f444255 - ::1
[2025-07-24T20:25:35.602Z] INFO: OPTIONS /api/manifests/68826ca9deaf943c1f444255 - ::1
[2025-07-24T20:25:35.604Z] INFO: PUT /api/manifests/68826ca9deaf943c1f444255 - ::1
[2025-07-24T20:25:35.630Z] INFO: GET /api/manifests/68826ca9deaf943c1f444255 - ::1
[2025-07-24T20:25:36.628Z] INFO: GET /api/manifests - ::1
[2025-07-24T20:25:36.628Z] INFO: GET /api/manifests/68826ca9deaf943c1f444255 - ::1
[2025-07-24T20:25:36.632Z] INFO: GET /api/manifests - ::1
[2025-07-24T20:25:36.633Z] INFO: GET /api/manifests/68826ca9deaf943c1f444255 - ::1
[2025-07-24T20:25:41.687Z] INFO: OPTIONS /api/manifests/68826ca9deaf943c1f444255 - ::1
[2025-07-24T20:25:41.690Z] INFO: PUT /api/manifests/68826ca9deaf943c1f444255 - ::1
[2025-07-24T20:25:41.718Z] INFO: GET /api/manifests/68826ca9deaf943c1f444255 - ::1
[2025-07-24T20:25:43.626Z] INFO: GET /api/manifests - ::1
[2025-07-24T20:25:43.627Z] INFO: GET /api/manifests/68826ca9deaf943c1f444255 - ::1
[2025-07-24T20:25:43.632Z] INFO: GET /api/manifests - ::1
[2025-07-24T20:25:43.632Z] INFO: GET /api/manifests/68826ca9deaf943c1f444255 - ::1
[2025-07-24T20:26:41.709Z] INFO: GET /api/manifests - ::1
[2025-07-24T20:26:41.712Z] INFO: GET /api/manifests/68826ca9deaf943c1f444255 - ::1
[2025-07-24T20:26:41.719Z] INFO: GET /api/manifests - ::1
[2025-07-24T20:26:41.720Z] INFO: GET /api/manifests/68826ca9deaf943c1f444255 - ::1
[2025-07-24T20:26:41.728Z] INFO: GET /api/manifests - ::1
[2025-07-24T20:26:41.728Z] INFO: GET /api/manifests/68826ca9deaf943c1f444255 - ::1
[2025-07-24T20:26:41.740Z] INFO: GET /api/manifests - ::1
[2025-07-24T20:26:41.740Z] INFO: GET /api/manifests/68826ca9deaf943c1f444255 - ::1
[2025-07-24T20:26:52.139Z] INFO: GET /api/manifests - ::1
[2025-07-24T20:26:52.140Z] INFO: GET /api/manifests/68826ca9deaf943c1f444255 - ::1
[2025-07-24T20:26:52.144Z] INFO: GET /api/manifests - ::1
[2025-07-24T20:26:52.145Z] INFO: GET /api/manifests/68826ca9deaf943c1f444255 - ::1
[2025-07-24T20:30:58.278Z] INFO: GET /api/manifests - ::1
[2025-07-24T20:30:58.278Z] INFO: GET /api/manifests/68826ca9deaf943c1f444255 - ::1
[2025-07-24T20:30:58.282Z] INFO: GET /api/manifests - ::1
[2025-07-24T20:30:58.283Z] INFO: GET /api/manifests/68826ca9deaf943c1f444255 - ::1
[2025-07-24T20:30:58.357Z] INFO: GET /api/manifests/68826ca9deaf943c1f444255 - ::1
[2025-07-24T20:30:58.358Z] INFO: GET /api/manifests - ::1
[2025-07-24T20:30:58.364Z] INFO: GET /api/manifests/68826ca9deaf943c1f444255 - ::1
[2025-07-24T20:30:58.364Z] INFO: GET /api/manifests - ::1
[2025-07-24T20:31:09.065Z] INFO: GET /api/manifests - ::1
[2025-07-24T20:31:09.066Z] INFO: GET /api/manifests/68826ca9deaf943c1f444255 - ::1
[2025-07-24T20:31:09.070Z] INFO: GET /api/manifests - ::1
[2025-07-24T20:31:09.077Z] INFO: GET /api/manifests/68826ca9deaf943c1f444255 - ::1
[2025-07-24T20:31:09.083Z] INFO: GET /api/manifests - ::1
[2025-07-24T20:31:09.117Z] INFO: GET /api/manifests/68826ca9deaf943c1f444255 - ::1
[2025-07-24T20:31:09.119Z] INFO: GET /api/manifests - ::1
[2025-07-24T20:31:09.125Z] INFO: GET /api/manifests/68826ca9deaf943c1f444255 - ::1
[2025-07-24T20:31:38.088Z] INFO: GET /api/manifests - ::1
[2025-07-24T20:31:38.089Z] INFO: GET /api/manifests/68826ca9deaf943c1f444255 - ::1
[2025-07-24T20:31:38.093Z] INFO: GET /api/manifests - ::1
[2025-07-24T20:31:38.094Z] INFO: GET /api/manifests/68826ca9deaf943c1f444255 - ::1
[2025-07-24T20:31:38.101Z] INFO: GET /api/manifests - ::1
[2025-07-24T20:31:38.102Z] INFO: GET /api/manifests/68826ca9deaf943c1f444255 - ::1
[2025-07-24T20:31:38.107Z] INFO: GET /api/manifests - ::1
[2025-07-24T20:31:38.108Z] INFO: GET /api/manifests/68826ca9deaf943c1f444255 - ::1
[2025-07-24T20:31:43.136Z] INFO: OPTIONS /api/manifests/68826ca9deaf943c1f444255 - ::1
[2025-07-24T20:31:43.139Z] INFO: PUT /api/manifests/68826ca9deaf943c1f444255 - ::1
[2025-07-24T20:31:43.167Z] INFO: GET /api/manifests/68826ca9deaf943c1f444255 - ::1
[2025-07-24T20:31:45.125Z] INFO: GET /api/manifests - ::1
[2025-07-24T20:31:45.126Z] INFO: GET /api/manifests/68826ca9deaf943c1f444255 - ::1
[2025-07-24T20:31:45.130Z] INFO: GET /api/manifests - ::1
[2025-07-24T20:31:45.130Z] INFO: GET /api/manifests/68826ca9deaf943c1f444255 - ::1
[2025-07-24T20:42:07.453Z] INFO: GET /api/manifests - ::1
[2025-07-24T20:42:07.457Z] INFO: GET /api/manifests/68826ca9deaf943c1f444255 - ::1
[2025-07-24T20:42:07.465Z] INFO: GET /api/manifests - ::1
[2025-07-24T20:42:07.467Z] INFO: GET /api/manifests/68826ca9deaf943c1f444255 - ::1
[2025-07-24T21:08:18.568Z] INFO: GET /api/manifests - ::1
[2025-07-24T21:08:18.577Z] INFO: GET /api/manifests/68826ca9deaf943c1f444255 - ::1
[2025-07-24T21:08:18.599Z] INFO: GET /api/manifests - ::1
[2025-07-24T21:08:18.609Z] INFO: GET /api/manifests/68826ca9deaf943c1f444255 - ::1
[2025-07-24T21:08:41.471Z] INFO: GET /api/manifests - ::1
[2025-07-24T21:08:41.474Z] INFO: GET /api/manifests/68826ca9deaf943c1f444255 - ::1
[2025-07-24T21:08:41.484Z] INFO: GET /api/manifests - ::1
[2025-07-24T21:08:41.488Z] INFO: GET /api/manifests/68826ca9deaf943c1f444255 - ::1
[2025-07-24T21:13:45.138Z] INFO: GET /api/manifests - ::1
[2025-07-24T21:13:45.140Z] INFO: GET /api/manifests/68826ca9deaf943c1f444255 - ::1
[2025-07-24T21:13:45.440Z] INFO: GET /api/manifests - ::1
[2025-07-24T21:13:45.442Z] INFO: GET /api/manifests/68826ca9deaf943c1f444255 - ::1
[2025-07-24T21:15:05.123Z] INFO: GET /api/manifests - ::1
[2025-07-24T21:15:05.128Z] INFO: GET /api/manifests/68826ca9deaf943c1f444255 - ::1
[2025-07-24T21:15:05.152Z] INFO: GET /api/manifests - ::1
[2025-07-24T21:15:05.161Z] INFO: GET /api/manifests/68826ca9deaf943c1f444255 - ::1
[2025-07-24T21:15:13.219Z] INFO: OPTIONS /api/manifests/68826ca9deaf943c1f444255 - ::1
[2025-07-24T21:15:13.222Z] INFO: PUT /api/manifests/68826ca9deaf943c1f444255 - ::1
[2025-07-24T21:15:13.276Z] INFO: GET /api/manifests/68826ca9deaf943c1f444255 - ::1
[2025-07-24T21:15:14.566Z] INFO: GET /api/manifests - ::1
[2025-07-24T21:15:14.569Z] INFO: GET /api/manifests/68826ca9deaf943c1f444255 - ::1
[2025-07-24T21:15:14.582Z] INFO: GET /api/manifests - ::1
[2025-07-24T21:15:14.584Z] INFO: GET /api/manifests/68826ca9deaf943c1f444255 - ::1
[2025-07-24T21:25:12.433Z] INFO: GET /api/manifests - ::1
[2025-07-24T21:25:12.434Z] INFO: GET /api/manifests/68826ca9deaf943c1f444255 - ::1
[2025-07-24T21:25:12.443Z] INFO: GET /api/manifests - ::1
[2025-07-24T21:25:12.449Z] INFO: GET /api/manifests/68826ca9deaf943c1f444255 - ::1
[2025-07-24T21:25:17.351Z] INFO: OPTIONS /api/manifests/68826ca9deaf943c1f444255 - ::1
[2025-07-24T21:25:17.353Z] INFO: PUT /api/manifests/68826ca9deaf943c1f444255 - ::1
[2025-07-24T21:25:17.389Z] INFO: GET /api/manifests/68826ca9deaf943c1f444255 - ::1
[2025-07-24T21:25:19.013Z] INFO: GET /api/manifests - ::1
[2025-07-24T21:25:19.014Z] INFO: GET /api/manifests/68826ca9deaf943c1f444255 - ::1
[2025-07-24T21:25:19.021Z] INFO: GET /api/manifests - ::1
[2025-07-24T21:25:19.022Z] INFO: GET /api/manifests/68826ca9deaf943c1f444255 - ::1
[2025-07-24T21:28:54.180Z] INFO: GET /api/manifests - ::1
[2025-07-24T21:28:54.188Z] INFO: GET /api/manifests/68826ca9deaf943c1f444255 - ::1
[2025-07-24T21:28:54.209Z] INFO: GET /api/manifests - ::1
[2025-07-24T21:28:54.218Z] INFO: GET /api/manifests/68826ca9deaf943c1f444255 - ::1
[2025-07-24T21:28:59.784Z] INFO: OPTIONS /api/manifests/68826ca9deaf943c1f444255 - ::1
[2025-07-24T21:28:59.787Z] INFO: PUT /api/manifests/68826ca9deaf943c1f444255 - ::1
[2025-07-24T21:28:59.841Z] INFO: GET /api/manifests/68826ca9deaf943c1f444255 - ::1
[2025-07-24T21:29:01.818Z] INFO: GET /api/manifests - ::1
[2025-07-24T21:29:01.819Z] INFO: GET /api/manifests/68826ca9deaf943c1f444255 - ::1
[2025-07-24T21:29:01.825Z] INFO: GET /api/manifests - ::1
[2025-07-24T21:29:01.831Z] INFO: GET /api/manifests/68826ca9deaf943c1f444255 - ::1
[2025-07-24T21:29:48.642Z] INFO: GET /api/manifests - ::1
[2025-07-24T21:29:48.643Z] INFO: GET /api/manifests/68826ca9deaf943c1f444255 - ::1
[2025-07-24T21:29:48.654Z] INFO: GET /api/manifests - ::1
[2025-07-24T21:29:48.654Z] INFO: GET /api/manifests/68826ca9deaf943c1f444255 - ::1
[2025-07-24T21:33:11.892Z] INFO: GET /api/manifests - ::1
[2025-07-24T21:33:11.897Z] INFO: GET /api/manifests/68826ca9deaf943c1f444255 - ::1
[2025-07-24T21:33:11.926Z] INFO: GET /api/manifests - ::1
[2025-07-24T21:33:11.937Z] INFO: GET /api/manifests/68826ca9deaf943c1f444255 - ::1
[2025-07-24T21:33:56.820Z] INFO: OPTIONS /api/manifests/68826ca9deaf943c1f444255 - ::1
[2025-07-24T21:33:56.823Z] INFO: PUT /api/manifests/68826ca9deaf943c1f444255 - ::1
[2025-07-24T21:33:56.875Z] INFO: GET /api/manifests/68826ca9deaf943c1f444255 - ::1
[2025-07-24T21:36:34.523Z] INFO: GET /api/manifests - ::1
[2025-07-24T21:36:34.524Z] INFO: GET /api/manifests/68826ca9deaf943c1f444255 - ::1
[2025-07-24T21:36:34.556Z] INFO: GET /api/manifests - ::1
[2025-07-24T21:36:34.566Z] INFO: GET /api/manifests/68826ca9deaf943c1f444255 - ::1
[2025-07-24T21:36:34.568Z] INFO: GET /api/manifests - ::1
[2025-07-24T21:36:34.572Z] INFO: GET /api/manifests/68826ca9deaf943c1f444255 - ::1
[2025-07-24T21:36:34.574Z] INFO: GET /api/manifests - ::1
[2025-07-24T21:36:34.577Z] INFO: GET /api/manifests/68826ca9deaf943c1f444255 - ::1
[2025-07-24T21:36:38.423Z] INFO: GET /api/manifests - ::1
[2025-07-24T21:36:38.423Z] INFO: GET /api/manifests/68826ca9deaf943c1f444255 - ::1
[2025-07-24T21:36:38.429Z] INFO: GET /api/manifests - ::1
[2025-07-24T21:36:38.432Z] INFO: GET /api/manifests/68826ca9deaf943c1f444255 - ::1
[2025-07-24T21:37:01.351Z] INFO: OPTIONS /api/manifests/68826ca9deaf943c1f444255 - ::1
[2025-07-24T21:37:01.354Z] INFO: PUT /api/manifests/68826ca9deaf943c1f444255 - ::1
[2025-07-24T21:37:01.385Z] INFO: GET /api/manifests/68826ca9deaf943c1f444255 - ::1
[2025-07-24T21:37:23.286Z] INFO: GET /api/manifests - ::1
[2025-07-24T21:37:23.287Z] INFO: GET /api/manifests/68826ca9deaf943c1f444255 - ::1
[2025-07-24T21:37:23.298Z] INFO: GET /api/manifests - ::1
[2025-07-24T21:37:23.299Z] INFO: GET /api/manifests/68826ca9deaf943c1f444255 - ::1
[2025-07-24T21:37:23.309Z] INFO: GET /api/manifests - ::1
[2025-07-24T21:37:23.309Z] INFO: GET /api/manifests/68826ca9deaf943c1f444255 - ::1
[2025-07-24T21:37:23.318Z] INFO: GET /api/manifests - ::1
[2025-07-24T21:37:23.319Z] INFO: GET /api/manifests/68826ca9deaf943c1f444255 - ::1
[2025-07-24T21:37:28.256Z] INFO: GET /api/manifests - ::1
[2025-07-24T21:37:28.257Z] INFO: GET /api/manifests/68826ca9deaf943c1f444255 - ::1
[2025-07-24T21:37:28.261Z] INFO: GET /api/manifests - ::1
[2025-07-24T21:37:28.262Z] INFO: GET /api/manifests/68826ca9deaf943c1f444255 - ::1
[2025-07-24T21:37:38.166Z] INFO: OPTIONS /api/manifests/68826ca9deaf943c1f444255 - ::1
[2025-07-24T21:37:38.168Z] INFO: PUT /api/manifests/68826ca9deaf943c1f444255 - ::1
[2025-07-24T21:37:38.200Z] INFO: GET /api/manifests/68826ca9deaf943c1f444255 - ::1
[2025-07-24T21:37:42.198Z] INFO: PUT /api/manifests/68826ca9deaf943c1f444255 - ::1
[2025-07-24T21:37:42.224Z] INFO: GET /api/manifests/68826ca9deaf943c1f444255 - ::1
[2025-07-24T21:38:08.880Z] INFO: GET /api/manifests - ::1
[2025-07-24T21:38:08.881Z] INFO: GET /api/manifests/68826ca9deaf943c1f444255 - ::1
[2025-07-24T21:38:08.891Z] INFO: GET /api/manifests - ::1
[2025-07-24T21:38:08.892Z] INFO: GET /api/manifests/68826ca9deaf943c1f444255 - ::1
[2025-07-24T21:43:57.252Z] INFO: GET /api/manifests - ::1
[2025-07-24T21:43:57.253Z] INFO: GET /api/manifests/68826ca9deaf943c1f444255 - ::1
[2025-07-24T21:43:57.260Z] INFO: GET /api/manifests - ::1
[2025-07-24T21:43:57.261Z] INFO: GET /api/manifests/68826ca9deaf943c1f444255 - ::1
[2025-07-24T21:44:00.700Z] INFO: OPTIONS /api/manifests/68826ca9deaf943c1f444255 - ::1
[2025-07-24T21:44:00.703Z] INFO: PUT /api/manifests/68826ca9deaf943c1f444255 - ::1
[2025-07-24T21:44:00.734Z] INFO: GET /api/manifests/68826ca9deaf943c1f444255 - ::1
[2025-07-24T21:44:02.071Z] INFO: GET /api/manifests - ::1
[2025-07-24T21:44:02.072Z] INFO: GET /api/manifests/68826ca9deaf943c1f444255 - ::1
[2025-07-24T21:44:02.077Z] INFO: GET /api/manifests - ::1
[2025-07-24T21:44:02.078Z] INFO: GET /api/manifests/68826ca9deaf943c1f444255 - ::1
[2025-07-24T21:44:09.523Z] INFO: GET /api/manifests - ::1
[2025-07-24T21:44:09.524Z] INFO: GET /api/manifests/68826ca9deaf943c1f444255 - ::1
[2025-07-24T21:44:09.531Z] INFO: GET /api/manifests - ::1
[2025-07-24T21:44:09.533Z] INFO: GET /api/manifests/68826ca9deaf943c1f444255 - ::1
[2025-07-24T21:44:12.783Z] INFO: OPTIONS /api/manifests/68826ca9deaf943c1f444255 - ::1
[2025-07-24T21:44:12.786Z] INFO: PUT /api/manifests/68826ca9deaf943c1f444255 - ::1
[2025-07-24T21:44:12.814Z] INFO: GET /api/manifests/68826ca9deaf943c1f444255 - ::1
[2025-07-24T21:44:13.682Z] INFO: GET /api/manifests - ::1
[2025-07-24T21:44:13.683Z] INFO: GET /api/manifests/68826ca9deaf943c1f444255 - ::1
[2025-07-24T21:44:13.690Z] INFO: GET /api/manifests - ::1
[2025-07-24T21:44:13.692Z] INFO: GET /api/manifests/68826ca9deaf943c1f444255 - ::1
[2025-07-24T21:44:33.638Z] INFO: GET /api/manifests - ::1
[2025-07-24T21:44:33.639Z] INFO: GET /api/manifests/68826ca9deaf943c1f444255 - ::1
[2025-07-24T21:44:33.643Z] INFO: GET /api/manifests - ::1
[2025-07-24T21:44:33.644Z] INFO: GET /api/manifests/68826ca9deaf943c1f444255 - ::1
[2025-07-24T21:44:38.766Z] INFO: OPTIONS /api/manifests/68826ca9deaf943c1f444255 - ::1
[2025-07-24T21:44:38.769Z] INFO: PUT /api/manifests/68826ca9deaf943c1f444255 - ::1
[2025-07-24T21:44:38.794Z] INFO: GET /api/manifests/68826ca9deaf943c1f444255 - ::1
[2025-07-24T21:44:52.298Z] INFO: GET /api/manifests - ::1
[2025-07-24T21:44:52.299Z] INFO: GET /api/manifests/68826ca9deaf943c1f444255 - ::1
[2025-07-24T21:44:52.305Z] INFO: GET /api/manifests - ::1
[2025-07-24T21:44:52.307Z] INFO: GET /api/manifests/68826ca9deaf943c1f444255 - ::1
[2025-07-24T21:44:56.931Z] INFO: OPTIONS /api/manifests/68826ca9deaf943c1f444255 - ::1
[2025-07-24T21:44:56.933Z] INFO: PUT /api/manifests/68826ca9deaf943c1f444255 - ::1
[2025-07-24T21:44:56.960Z] INFO: GET /api/manifests/68826ca9deaf943c1f444255 - ::1
[2025-07-24T21:44:58.038Z] INFO: GET /api/manifests - ::1
[2025-07-24T21:44:58.039Z] INFO: GET /api/manifests/68826ca9deaf943c1f444255 - ::1
[2025-07-24T21:44:58.043Z] INFO: GET /api/manifests - ::1
[2025-07-24T21:44:58.043Z] INFO: GET /api/manifests/68826ca9deaf943c1f444255 - ::1
[2025-07-24T21:45:02.103Z] INFO: GET /api/manifests - ::1
[2025-07-24T21:45:02.104Z] INFO: GET /api/manifests/68826ca9deaf943c1f444255 - ::1
[2025-07-24T21:45:02.108Z] INFO: GET /api/manifests - ::1
[2025-07-24T21:45:02.108Z] INFO: GET /api/manifests/68826ca9deaf943c1f444255 - ::1
[2025-07-24T21:57:04.649Z] INFO: GET /api/manifests/68826ca9deaf943c1f444255 - ::1
[2025-07-24T21:57:04.649Z] INFO: GET /api/manifests - ::1
[2025-07-24T21:57:04.654Z] INFO: GET /api/manifests/68826ca9deaf943c1f444255 - ::1
[2025-07-24T21:57:04.655Z] INFO: GET /api/manifests - ::1
[2025-07-24T21:57:41.583Z] INFO: GET /api/manifests - ::1
[2025-07-24T21:57:41.584Z] INFO: GET /api/manifests/68826ca9deaf943c1f444255 - ::1
[2025-07-24T21:57:41.588Z] INFO: GET /api/manifests - ::1
[2025-07-24T21:57:41.590Z] INFO: GET /api/manifests/68826ca9deaf943c1f444255 - ::1
[2025-07-24T21:58:02.027Z] INFO: OPTIONS /api/manifests/68826ca9deaf943c1f444255 - ::1
[2025-07-24T21:58:02.029Z] INFO: PUT /api/manifests/68826ca9deaf943c1f444255 - ::1
[2025-07-24T21:58:02.058Z] INFO: GET /api/manifests/68826ca9deaf943c1f444255 - ::1
[2025-07-24T21:58:16.150Z] INFO: GET /api/manifests - ::1
[2025-07-24T21:58:16.151Z] INFO: GET /api/manifests/68826ca9deaf943c1f444255 - ::1
[2025-07-24T21:58:16.159Z] INFO: GET /api/manifests - ::1
[2025-07-24T21:58:16.160Z] INFO: GET /api/manifests/68826ca9deaf943c1f444255 - ::1
[2025-07-24T22:04:24.767Z] INFO: GET /api/manifests - ::1
[2025-07-24T22:04:24.768Z] INFO: GET /api/manifests/68826ca9deaf943c1f444255 - ::1
[2025-07-24T22:04:24.778Z] INFO: GET /api/manifests - ::1
[2025-07-24T22:04:24.778Z] INFO: GET /api/manifests/68826ca9deaf943c1f444255 - ::1
[2025-07-24T22:04:31.433Z] INFO: GET /api/manifests - ::1
[2025-07-24T22:04:31.435Z] INFO: GET /api/manifests/68826ca9deaf943c1f444255 - ::1
[2025-07-24T22:04:31.444Z] INFO: GET /api/manifests/68826ca9deaf943c1f444255 - ::1
[2025-07-24T22:04:31.445Z] INFO: GET /api/manifests - ::1
[2025-07-24T22:04:34.653Z] INFO: OPTIONS /api/manifests/68826ca9deaf943c1f444255 - ::1
[2025-07-24T22:04:34.655Z] INFO: PUT /api/manifests/68826ca9deaf943c1f444255 - ::1
[2025-07-24T22:04:34.683Z] INFO: GET /api/manifests/68826ca9deaf943c1f444255 - ::1
[2025-07-24T22:04:35.550Z] INFO: GET /api/manifests - ::1
[2025-07-24T22:04:35.551Z] INFO: GET /api/manifests/68826ca9deaf943c1f444255 - ::1
[2025-07-24T22:04:35.555Z] INFO: GET /api/manifests - ::1
[2025-07-24T22:04:35.555Z] INFO: GET /api/manifests/68826ca9deaf943c1f444255 - ::1
[2025-07-24T22:05:14.454Z] INFO: OPTIONS /api/manifests/68826ca9deaf943c1f444255 - ::1
[2025-07-24T22:05:14.456Z] INFO: PUT /api/manifests/68826ca9deaf943c1f444255 - ::1
[2025-07-24T22:05:14.479Z] INFO: GET /api/manifests/68826ca9deaf943c1f444255 - ::1
[2025-07-24T22:07:29.605Z] INFO: OPTIONS /api/manifests/68826ca9deaf943c1f444255 - ::1
[2025-07-24T22:07:29.607Z] INFO: PUT /api/manifests/68826ca9deaf943c1f444255 - ::1
[2025-07-24T22:07:29.629Z] INFO: GET /api/manifests/68826ca9deaf943c1f444255 - ::1
[2025-07-24T22:32:42.976Z] INFO: GET /api/manifests - ::1
[2025-07-24T22:32:42.984Z] INFO: GET /api/manifests/68826ca9deaf943c1f444255 - ::1
[2025-07-24T22:32:43.005Z] INFO: GET /api/manifests - ::1
[2025-07-24T22:32:43.013Z] INFO: GET /api/manifests/68826ca9deaf943c1f444255 - ::1
[2025-07-24T22:32:52.221Z] INFO: OPTIONS /api/manifests/68826ca9deaf943c1f444255 - ::1
[2025-07-24T22:32:52.225Z] INFO: PUT /api/manifests/68826ca9deaf943c1f444255 - ::1
[2025-07-24T22:32:52.278Z] INFO: GET /api/manifests/68826ca9deaf943c1f444255 - ::1
[2025-07-24T22:32:53.686Z] INFO: GET /api/manifests - ::1
[2025-07-24T22:32:53.688Z] INFO: GET /api/manifests/68826ca9deaf943c1f444255 - ::1
[2025-07-24T22:32:53.697Z] INFO: GET /api/manifests - ::1
[2025-07-24T22:32:53.704Z] INFO: GET /api/manifests/68826ca9deaf943c1f444255 - ::1
[2025-07-24T22:33:37.471Z] INFO: OPTIONS /api/manifests/68826ca9deaf943c1f444255 - ::1
[2025-07-24T22:33:37.473Z] INFO: PUT /api/manifests/68826ca9deaf943c1f444255 - ::1
[2025-07-24T22:33:37.505Z] INFO: GET /api/manifests/68826ca9deaf943c1f444255 - ::1
[2025-07-24T22:35:37.884Z] INFO: GET /api/manifests - ::1
[2025-07-24T22:35:37.900Z] INFO: GET /api/manifests - ::1
[2025-07-24T22:35:38.856Z] INFO: GET /api/manifests - ::1
[2025-07-24T22:35:38.866Z] INFO: GET /api/manifests - ::1
[2025-07-24T22:36:11.317Z] INFO: OPTIONS /api/manifests - ::1
[2025-07-24T22:36:11.320Z] INFO: POST /api/manifests - ::1
[2025-07-24T22:40:12.242Z] INFO: GET /api/manifests - ::1
[2025-07-24T22:40:12.263Z] INFO: GET /api/manifests - ::1
[2025-07-24T22:40:18.069Z] INFO: GET /api/manifests - ::1
[2025-07-24T22:40:18.085Z] INFO: GET /api/manifests - ::1
[2025-07-24T22:40:19.262Z] INFO: GET /api/manifests - ::1
[2025-07-24T22:40:19.274Z] INFO: GET /api/manifests - ::1
[2025-07-24T22:41:06.639Z] INFO: OPTIONS /api/manifests - ::1
[2025-07-24T22:41:06.642Z] INFO: POST /api/manifests - ::1
[2025-07-24T22:47:56.114Z] INFO: OPTIONS /api/manifests - ::1
[2025-07-24T22:47:56.135Z] INFO: POST /api/manifests - ::1
[2025-07-24T22:54:02.810Z] INFO: OPTIONS /api/manifests - ::1
[2025-07-24T22:54:02.817Z] INFO: POST /api/manifests - ::1
[2025-07-24T22:55:44.258Z] INFO: OPTIONS /api/manifests - ::1
[2025-07-24T22:55:44.265Z] INFO: POST /api/manifests - ::1
[2025-07-24T22:58:05.443Z] INFO: OPTIONS /api/manifests - ::1
[2025-07-24T22:58:05.450Z] INFO: POST /api/manifests - ::1
[2025-07-24T22:59:35.344Z] INFO: OPTIONS /api/manifests - ::1
[2025-07-24T22:59:35.351Z] INFO: POST /api/manifests - ::1
[2025-07-24T22:59:35.405Z] INFO: GET /api/manifests - ::1
[2025-07-24T22:59:35.407Z] INFO: GET /api/manifests/6882bad7f8024d0e7b086cba - ::1
[2025-07-24T22:59:35.421Z] INFO: GET /api/manifests/6882bad7f8024d0e7b086cba - ::1
[2025-07-24T22:59:35.422Z] INFO: GET /api/manifests - ::1
[2025-07-24T23:00:28.039Z] INFO: OPTIONS /api/manifests/6882bad7f8024d0e7b086cba - ::1
[2025-07-24T23:00:28.041Z] INFO: PUT /api/manifests/6882bad7f8024d0e7b086cba - ::1
[2025-07-24T23:00:28.080Z] INFO: GET /api/manifests/6882bad7f8024d0e7b086cba - ::1
[2025-07-24T23:00:33.264Z] INFO: GET /api/manifests - ::1
[2025-07-24T23:00:33.266Z] INFO: GET /api/manifests/6882bad7f8024d0e7b086cba - ::1
[2025-07-24T23:00:33.272Z] INFO: GET /api/manifests - ::1
[2025-07-24T23:00:33.275Z] INFO: GET /api/manifests/6882bad7f8024d0e7b086cba - ::1
[2025-07-24T23:00:46.621Z] INFO: OPTIONS /api/manifests/6882bad7f8024d0e7b086cba - ::1
[2025-07-24T23:00:46.623Z] INFO: PUT /api/manifests/6882bad7f8024d0e7b086cba - ::1
[2025-07-24T23:00:46.653Z] INFO: GET /api/manifests/6882bad7f8024d0e7b086cba - ::1
[2025-07-24T23:00:48.102Z] INFO: GET /api/manifests - ::1
[2025-07-24T23:00:48.103Z] INFO: GET /api/manifests/6882bad7f8024d0e7b086cba - ::1
[2025-07-24T23:00:48.108Z] INFO: GET /api/manifests - ::1
[2025-07-24T23:00:48.108Z] INFO: GET /api/manifests/6882bad7f8024d0e7b086cba - ::1
[2025-07-24T23:01:08.238Z] INFO: OPTIONS /api/manifests/6882bad7f8024d0e7b086cba - ::1
[2025-07-24T23:01:08.241Z] INFO: PUT /api/manifests/6882bad7f8024d0e7b086cba - ::1
[2025-07-24T23:01:08.266Z] INFO: GET /api/manifests/6882bad7f8024d0e7b086cba - ::1
[2025-07-24T23:01:10.010Z] INFO: GET /api/manifests - ::1
[2025-07-24T23:01:10.011Z] INFO: GET /api/manifests/6882bad7f8024d0e7b086cba - ::1
[2025-07-24T23:01:10.016Z] INFO: GET /api/manifests - ::1
[2025-07-24T23:01:10.019Z] INFO: GET /api/manifests/6882bad7f8024d0e7b086cba - ::1
[2025-07-24T23:01:33.405Z] INFO: OPTIONS /api/manifests/6882bad7f8024d0e7b086cba - ::1
[2025-07-24T23:01:33.407Z] INFO: PUT /api/manifests/6882bad7f8024d0e7b086cba - ::1
[2025-07-24T23:01:33.432Z] INFO: GET /api/manifests/6882bad7f8024d0e7b086cba - ::1
[2025-07-24T23:04:21.883Z] INFO: GET /api/manifests - ::1
[2025-07-24T23:04:21.883Z] INFO: GET /api/manifests/6882bad7f8024d0e7b086cba - ::1
[2025-07-24T23:04:21.889Z] INFO: GET /api/manifests - ::1
[2025-07-24T23:04:21.891Z] INFO: GET /api/manifests/6882bad7f8024d0e7b086cba - ::1
[2025-07-24T23:04:26.320Z] INFO: OPTIONS /api/manifests/6882bad7f8024d0e7b086cba - ::1
[2025-07-24T23:04:26.323Z] INFO: PUT /api/manifests/6882bad7f8024d0e7b086cba - ::1
[2025-07-24T23:04:26.350Z] INFO: GET /api/manifests/6882bad7f8024d0e7b086cba - ::1
[2025-07-24T23:04:27.598Z] INFO: GET /api/manifests - ::1
[2025-07-24T23:04:27.599Z] INFO: GET /api/manifests/6882bad7f8024d0e7b086cba - ::1
[2025-07-24T23:04:27.602Z] INFO: GET /api/manifests - ::1
[2025-07-24T23:04:27.603Z] INFO: GET /api/manifests/6882bad7f8024d0e7b086cba - ::1
[2025-07-24T23:04:34.535Z] INFO: OPTIONS /api/manifests/6882bad7f8024d0e7b086cba - ::1
[2025-07-24T23:04:34.537Z] INFO: PUT /api/manifests/6882bad7f8024d0e7b086cba - ::1
[2025-07-24T23:04:34.561Z] INFO: GET /api/manifests/6882bad7f8024d0e7b086cba - ::1
[2025-07-24T23:04:35.935Z] INFO: PUT /api/manifests/6882bad7f8024d0e7b086cba - ::1
[2025-07-24T23:04:35.962Z] INFO: GET /api/manifests/6882bad7f8024d0e7b086cba - ::1
[2025-07-24T23:04:36.722Z] INFO: PUT /api/manifests/6882bad7f8024d0e7b086cba - ::1
[2025-07-24T23:04:36.747Z] INFO: GET /api/manifests/6882bad7f8024d0e7b086cba - ::1
[2025-07-24T23:04:37.771Z] INFO: PUT /api/manifests/6882bad7f8024d0e7b086cba - ::1
[2025-07-24T23:04:37.794Z] INFO: GET /api/manifests/6882bad7f8024d0e7b086cba - ::1
[2025-07-24T23:04:38.251Z] INFO: PUT /api/manifests/6882bad7f8024d0e7b086cba - ::1
[2025-07-24T23:04:38.276Z] INFO: GET /api/manifests/6882bad7f8024d0e7b086cba - ::1
[2025-07-24T23:04:38.702Z] INFO: PUT /api/manifests/6882bad7f8024d0e7b086cba - ::1
[2025-07-24T23:04:38.727Z] INFO: GET /api/manifests/6882bad7f8024d0e7b086cba - ::1
[2025-07-24T23:04:39.120Z] INFO: PUT /api/manifests/6882bad7f8024d0e7b086cba - ::1
[2025-07-24T23:04:39.147Z] INFO: GET /api/manifests/6882bad7f8024d0e7b086cba - ::1
[2025-07-24T23:04:39.484Z] INFO: PUT /api/manifests/6882bad7f8024d0e7b086cba - ::1
[2025-07-24T23:04:39.507Z] INFO: GET /api/manifests/6882bad7f8024d0e7b086cba - ::1
[2025-07-24T23:04:39.904Z] INFO: OPTIONS /api/manifests/6882bad7f8024d0e7b086cba - ::1
[2025-07-24T23:04:39.907Z] INFO: PUT /api/manifests/6882bad7f8024d0e7b086cba - ::1
[2025-07-24T23:04:39.928Z] INFO: GET /api/manifests/6882bad7f8024d0e7b086cba - ::1
[2025-07-24T23:04:40.318Z] INFO: PUT /api/manifests/6882bad7f8024d0e7b086cba - ::1
[2025-07-24T23:04:40.342Z] INFO: GET /api/manifests/6882bad7f8024d0e7b086cba - ::1
[2025-07-24T23:04:40.687Z] INFO: PUT /api/manifests/6882bad7f8024d0e7b086cba - ::1
[2025-07-24T23:04:40.710Z] INFO: GET /api/manifests/6882bad7f8024d0e7b086cba - ::1
[2025-07-24T23:04:41.002Z] INFO: PUT /api/manifests/6882bad7f8024d0e7b086cba - ::1
[2025-07-24T23:04:41.028Z] INFO: GET /api/manifests/6882bad7f8024d0e7b086cba - ::1
[2025-07-24T23:04:41.155Z] INFO: PUT /api/manifests/6882bad7f8024d0e7b086cba - ::1
[2025-07-24T23:04:41.178Z] INFO: GET /api/manifests/6882bad7f8024d0e7b086cba - ::1
[2025-07-24T23:04:41.351Z] INFO: PUT /api/manifests/6882bad7f8024d0e7b086cba - ::1
[2025-07-24T23:04:41.376Z] INFO: GET /api/manifests/6882bad7f8024d0e7b086cba - ::1
[2025-07-24T23:04:41.515Z] INFO: PUT /api/manifests/6882bad7f8024d0e7b086cba - ::1
[2025-07-24T23:04:41.532Z] INFO: GET /api/manifests/6882bad7f8024d0e7b086cba - ::1
[2025-07-24T23:04:41.718Z] INFO: PUT /api/manifests/6882bad7f8024d0e7b086cba - ::1
[2025-07-24T23:04:41.741Z] INFO: GET /api/manifests/6882bad7f8024d0e7b086cba - ::1
[2025-07-24T23:04:41.884Z] INFO: PUT /api/manifests/6882bad7f8024d0e7b086cba - ::1
[2025-07-24T23:04:41.908Z] INFO: GET /api/manifests/6882bad7f8024d0e7b086cba - ::1
[2025-07-24T23:04:42.434Z] INFO: PUT /api/manifests/6882bad7f8024d0e7b086cba - ::1
[2025-07-24T23:04:42.448Z] INFO: GET /api/manifests/6882bad7f8024d0e7b086cba - ::1
[2025-07-24T23:04:42.755Z] INFO: PUT /api/manifests/6882bad7f8024d0e7b086cba - ::1
[2025-07-24T23:04:42.776Z] INFO: GET /api/manifests/6882bad7f8024d0e7b086cba - ::1
[2025-07-24T23:04:43.084Z] INFO: PUT /api/manifests/6882bad7f8024d0e7b086cba - ::1
[2025-07-24T23:04:43.103Z] INFO: GET /api/manifests/6882bad7f8024d0e7b086cba - ::1
[2025-07-24T23:04:43.354Z] INFO: PUT /api/manifests/6882bad7f8024d0e7b086cba - ::1
[2025-07-24T23:04:43.376Z] INFO: GET /api/manifests/6882bad7f8024d0e7b086cba - ::1
[2025-07-24T23:04:43.531Z] INFO: PUT /api/manifests/6882bad7f8024d0e7b086cba - ::1
[2025-07-24T23:04:43.550Z] INFO: GET /api/manifests/6882bad7f8024d0e7b086cba - ::1
[2025-07-24T23:04:44.105Z] INFO: PUT /api/manifests/6882bad7f8024d0e7b086cba - ::1
[2025-07-24T23:04:44.129Z] INFO: GET /api/manifests/6882bad7f8024d0e7b086cba - ::1
[2025-07-24T23:04:44.418Z] INFO: PUT /api/manifests/6882bad7f8024d0e7b086cba - ::1
[2025-07-24T23:04:44.438Z] INFO: GET /api/manifests/6882bad7f8024d0e7b086cba - ::1
[2025-07-24T23:04:44.688Z] INFO: PUT /api/manifests/6882bad7f8024d0e7b086cba - ::1
[2025-07-24T23:04:44.713Z] INFO: GET /api/manifests/6882bad7f8024d0e7b086cba - ::1
[2025-07-24T23:04:44.869Z] INFO: PUT /api/manifests/6882bad7f8024d0e7b086cba - ::1
[2025-07-24T23:04:44.891Z] INFO: GET /api/manifests/6882bad7f8024d0e7b086cba - ::1
[2025-07-24T23:04:45.051Z] INFO: OPTIONS /api/manifests/6882bad7f8024d0e7b086cba - ::1
[2025-07-24T23:04:45.054Z] INFO: PUT /api/manifests/6882bad7f8024d0e7b086cba - ::1
[2025-07-24T23:04:45.077Z] INFO: GET /api/manifests/6882bad7f8024d0e7b086cba - ::1
[2025-07-24T23:04:45.269Z] INFO: PUT /api/manifests/6882bad7f8024d0e7b086cba - ::1
[2025-07-24T23:04:45.293Z] INFO: GET /api/manifests/6882bad7f8024d0e7b086cba - ::1
[2025-07-24T23:05:04.056Z] INFO: OPTIONS /api/manifests/6882bad7f8024d0e7b086cba - ::1
[2025-07-24T23:05:04.058Z] INFO: PUT /api/manifests/6882bad7f8024d0e7b086cba - ::1
[2025-07-24T23:05:04.079Z] INFO: GET /api/manifests/6882bad7f8024d0e7b086cba - ::1
[2025-07-24T23:05:04.585Z] INFO: PUT /api/manifests/6882bad7f8024d0e7b086cba - ::1
[2025-07-24T23:05:04.618Z] INFO: GET /api/manifests/6882bad7f8024d0e7b086cba - ::1
[2025-07-24T23:05:05.237Z] INFO: PUT /api/manifests/6882bad7f8024d0e7b086cba - ::1
[2025-07-24T23:05:05.252Z] INFO: GET /api/manifests/6882bad7f8024d0e7b086cba - ::1
[2025-07-24T23:05:05.721Z] INFO: PUT /api/manifests/6882bad7f8024d0e7b086cba - ::1
[2025-07-24T23:05:05.742Z] INFO: GET /api/manifests/6882bad7f8024d0e7b086cba - ::1
[2025-07-24T23:05:06.287Z] INFO: PUT /api/manifests/6882bad7f8024d0e7b086cba - ::1
[2025-07-24T23:05:06.309Z] INFO: GET /api/manifests/6882bad7f8024d0e7b086cba - ::1
